#
# A fatal error has been detected by the Java Runtime Environment:
#
#  SIGILL (0x4) at pc=0x00007fff97a80e50, pid=27031, tid=0x0000000000000a0b
#
# JRE version: Java(TM) SE Runtime Environment (8.0_111-b14) (build 1.8.0_111-b14)
# Java VM: Java HotSpot(TM) 64-Bit Server VM (25.111-b14 mixed mode bsd-amd64 compressed oops)
# Problematic frame:
# C  [libobjc.A.dylib+0x15e50]  _objc_trap()+0x0
#
# Failed to write core dump. Core dumps have been disabled. To enable core dumping, try "ulimit -c unlimited" before starting Java again
#
# If you would like to submit a bug report, please visit:
#   http://bugreport.java.com/bugreport/crash.jsp
# The crash happened outside the Java Virtual Machine in native code.
# See problematic frame for where to report the bug.
#

---------------  T H R E A D  ---------------

Current thread (0x00007fe9a0841000):  JavaThread "AppKit Thread" daemon [_thread_in_native, id=2571, stack(0x00007fff53915000,0x00007fff54115000)]

siginfo: si_signo: 4 (SIGILL), si_code: 1 (ILL_ILLOPC), si_addr: 0x00007fff97a80e50

Registers:
RAX=0x0000000000000000, RBX=0x00007fe9a042c4b0, RCX=0x0000000000000000, RDX=0x00007fff7dd74c30
RSP=0x00007fff541102c8, RBP=0x00007fff541103b0, RSI=0x0000010000000100, RDI=0x00007fff7dd74c10
R8 =0x00000000fffffffc, R9 =0x00007fff7dd74c28, R10=0x00000000ffffffff, R11=0xffffffffffffdfc0
R12=0x0000000000000001, R13=0x0000000000000000, R14=0x00007fff7dd7a328, R15=0x00007fe9a04303b0
RIP=0x00007fff97a80e50, EFLAGS=0x0000000000010202, ERR=0x0000000000000000
  TRAPNO=0x0000000000000006

Top of Stack: (sp=0x00007fff541102c8)
0x00007fff541102c8:   00007fff97a80f90 00007fe9a07988c0
0x00007fff541102d8:   00007fe9a042c4b0 00007fff94752d9c
0x00007fff541102e8:   00007fff94752d9c 000000000000005f
0x00007fff541102f8:   00007fe9a042c4b0 00007fff54110330
0x00007fff54110308:   00007fff97a73edf 00007fff54110370
0x00007fff54110318:   00007fff97a76e15 00007fff7dd7a310
0x00007fff54110328:   0000000000000001 00007fff54110390
0x00007fff54110338:   00007fe9a04303b0 00007fff54110370
0x00007fff54110348:   00007fff94752d9c 00007fff94752d9c
0x00007fff54110358:   0000000000000000 00007fff7d377a38
0x00007fff54110368:   00007fe9a04303b0 00007fff541103b0
0x00007fff54110378:   00007fff97a76d80 00007fe9a2b14970
0x00007fff54110388:   00007fe9a078a3e0 0000003000000018
0x00007fff54110398:   00007fff541103c0 00007fff541102d0
0x00007fff541103a8:   00007fe9a04303b0 00007fff54110410
0x00007fff541103b8:   00007fff97a77bd7 00007fff7dd78e80
0x00007fff541103c8:   00007fff7dd7a180 00007fff54110450
0x00007fff541103d8:   00007fff97a779ee 00007fff54110400
0x00007fff541103e8:   00007fff7dd78e80 00007fe9a04303b0
0x00007fff541103f8:   0000000000000000 00007fff7dd7a300
0x00007fff54110408:   0000000000000000 00007fff54110490
0x00007fff54110418:   00007fff97a77966 ffff80165f880280
0x00007fff54110428:   00007fe9a0430250 0000000000001480
0x00007fff54110438:   0000000000000000 0000000000000000
0x00007fff54110448:   0000000000000000 00007fe9a042c4b0
0x00007fff54110458:   0000000000000029 0000000000000006
0x00007fff54110468:   00007fe9a077fd80 0000000000000000
0x00007fff54110478:   00007fe9a0559870 00007fe9a0430250
0x00007fff54110488:   00007fe9a042c4b0 00007fff541104d0
0x00007fff54110498:   00007fff9518d973 00007fe9a077fd80
0x00007fff541104a8:   0000000000000000 00007fe9a042c4b0
0x00007fff541104b8:   00007fff97a6c4c0 00007fe9a077fd80 

Instructions: (pc=0x00007fff97a80e50)
0x00007fff97a80e30:   df e8 62 d8 00 00 bf 02 00 00 00 48 89 de 48 89
0x00007fff97a80e40:   c2 e8 b2 d8 00 00 48 81 c4 98 00 00 00 5b 5d c3
0x00007fff97a80e50:   0f 0b 55 48 89 e5 48 81 ec d0 00 00 00 84 c0 74
0x00007fff97a80e60:   26 0f 29 85 60 ff ff ff 0f 29 8d 70 ff ff ff 0f 

Register to memory mapping:

RAX=0x0000000000000000 is an unknown value
RBX=0x00007fe9a042c4b0 is an unknown value
RCX=0x0000000000000000 is an unknown value
RDX=0x00007fff7dd74c30: _ZZL14_objc_crashlogPKcE13crashlog_lock+0x20 in /usr/lib/libobjc.A.dylib at 0x00007fff97a6b000
RSP=0x00007fff541102c8 is pointing into the stack for thread: 0x00007fe9a0841000
RBP=0x00007fff541103b0 is pointing into the stack for thread: 0x00007fe9a0841000
RSI=0x0000010000000100 is an unknown value
RDI=0x00007fff7dd74c10: _ZZL14_objc_crashlogPKcE13crashlog_lock+0 in /usr/lib/libobjc.A.dylib at 0x00007fff97a6b000
R8 =0x00000000fffffffc is an unknown value
R9 =0x00007fff7dd74c28: _ZZL14_objc_crashlogPKcE13crashlog_lock+0x18 in /usr/lib/libobjc.A.dylib at 0x00007fff97a6b000
R10=0x00000000ffffffff is an unknown value
R11=0xffffffffffffdfc0 is an unknown value
R12=0x0000000000000001 is an unknown value
R13=0x0000000000000000 is an unknown value
R14=0x00007fff7dd7a328: _ZN12_GLOBAL__N_1L12SideTableBufE+0x14a8 in /usr/lib/libobjc.A.dylib at 0x00007fff97a6b000
R15=0x00007fe9a04303b0 is an unknown value


Stack: [0x00007fff53915000,0x00007fff54115000],  sp=0x00007fff541102c8,  free space=8172k
Native frames: (J=compiled Java code, j=interpreted, Vv=VM code, C=native code)
C  [libobjc.A.dylib+0x15e50]  _objc_trap()+0x0
C  [libobjc.A.dylib+0xcbd7]  weak_register_no_lock+0xde
C  [libobjc.A.dylib+0xc966]  objc_storeWeak+0x18b
C  [Foundation+0x19973]  -[NSConcreteMapTable setObject:forKey:]+0x6e
C  [AppKit+0x345f6a]  -[NSView(NSOpenGLContextAssociation) _setOpenGLContext:]+0xf2
C  [AppKit+0x6856dd]  __27-[NSOpenGLContext setView:]_block_invoke+0xd6
C  [AppKit+0x183325]  NSPerformVisuallyAtomicChange+0x93
C  [AppKit+0x345c0d]  -[NSOpenGLContext setView:]+0x77
C  [liblwjgl.jnilib+0x966e]  -[MacOSXOpenGLView lockFocus]+0x6e
C  [AppKit+0x1a8797]  -[NSView _recursiveDisplayRectIfNeededIgnoringOpacity:isVisibleRect:rectIsVisibleRectForView:topView:]+0x6e2
C  [AppKit+0x1a9785]  -[NSView _recursiveDisplayRectIfNeededIgnoringOpacity:isVisibleRect:rectIsVisibleRectForView:topView:]+0x16d0
C  [AppKit+0x1a7be0]  -[NSThemeFrame _recursiveDisplayRectIfNeededIgnoringOpacity:isVisibleRect:rectIsVisibleRectForView:topView:]+0x14e
C  [AppKit+0x1a5feb]  -[NSView _displayRectIgnoringOpacity:isVisibleRect:rectIsVisibleRectForView:]+0x991
C  [AppKit+0x1a13f5]  -[NSView displayIfNeeded]+0x79e
C  [AppKit+0x1a0c3c]  -[NSWindow displayIfNeeded]+0xe8
C  [AppKit+0x82541b]  ___NSWindowGetDisplayCycleObserver_block_invoke6365+0x1dc
C  [AppKit+0x1a05d6]  __37+[NSDisplayCycle currentDisplayCycle]_block_invoke+0x3ad
C  [QuartzCore+0x10f71]  CA::Transaction::run_commit_handlers(CATransactionPhase)+0x55
C  [QuartzCore+0x1042c]  CA::Context::commit_transaction(CA::Transaction*)+0xa0
C  [QuartzCore+0x100ec]  CA::Transaction::commit()+0x1fc
C  [QuartzCore+0x1b977]  CA::Transaction::observer_callback(__CFRunLoopObserver*, unsigned long, void*)+0x47
C  [CoreFoundation+0xaa067]  __CFRUNLOOP_IS_CALLING_OUT_TO_AN_OBSERVER_CALLBACK_FUNCTION__+0x17
C  [CoreFoundation+0xa9fd7]  __CFRunLoopDoObservers+0x187
C  [CoreFoundation+0x88ef8]  CFRunLoopRunSpecific+0x148
C  [HIToolbox+0x30935]  RunCurrentEventLoopInMode+0xeb
C  [HIToolbox+0x30677]  ReceiveNextEventCommon+0xb8
C  [HIToolbox+0x305af]  _BlockUntilNextEventMatchingListInModeWithFilter+0x47
C  [AppKit+0x48df6]  _DPSNextEvent+0x42b
C  [AppKit+0x48226]  -[NSApplication _nextEventMatchingEventMask:untilDate:inMode:dequeue:]+0x1c6
C  [libosxapp.dylib+0x23aa]  -[NSApplicationAWT nextEventMatchingMask:untilDate:inMode:dequeue:]+0x7c
C  [AppKit+0x3cd80]  -[NSApplication run]+0x2aa
C  [libosxapp.dylib+0x214d]  +[NSApplicationAWT runAWTLoopWithApp:]+0x9c
C  [libawt_lwawt.dylib+0x444b3]  -[AWTStarter starter:]+0x389
C  [Foundation+0x76fde]  __NSThreadPerformPerform+0x117
C  [CoreFoundation+0xaa881]  __CFRUNLOOP_IS_CALLING_OUT_TO_A_SOURCE0_PERFORM_FUNCTION__+0x11
C  [CoreFoundation+0x89fbc]  __CFRunLoopDoSources0+0x22c
C  [CoreFoundation+0x894df]  __CFRunLoopRun+0x39f
C  [CoreFoundation+0x88ed8]  CFRunLoopRunSpecific+0x128
C  [java+0x6465]  CreateExecutionEnvironment+0x367
C  [java+0x218c]  JLI_Launch+0x7a0
C  [java+0x84c2]  main+0x65
C  [java+0x19e4]  start+0x34
C  0x0000000000000006


---------------  P R O C E S S  ---------------

Java Threads: ( => current thread )
  0x00007fe9a20d3800 JavaThread "AWT-Shutdown" [_thread_blocked, id=29715, stack(0x00007000011d3000,0x00007000012d3000)]
=>0x00007fe9a0841000 JavaThread "AppKit Thread" daemon [_thread_in_native, id=2571, stack(0x00007fff53915000,0x00007fff54115000)]
  0x00007fe9a1041000 JavaThread "Service Thread" daemon [_thread_blocked, id=18947, stack(0x0000700000ec7000,0x0000700000fc7000)]
  0x00007fe9a2013000 JavaThread "C1 CompilerThread2" daemon [_thread_blocked, id=18435, stack(0x0000700000dc4000,0x0000700000ec4000)]
  0x00007fe9a2012800 JavaThread "C2 CompilerThread1" daemon [_thread_blocked, id=17923, stack(0x0000700000cc1000,0x0000700000dc1000)]
  0x00007fe9a201e800 JavaThread "C2 CompilerThread0" daemon [_thread_blocked, id=17411, stack(0x0000700000bbe000,0x0000700000cbe000)]
  0x00007fe9a0835000 JavaThread "Signal Dispatcher" daemon [_thread_blocked, id=16667, stack(0x0000700000abb000,0x0000700000bbb000)]
  0x00007fe9a1040000 JavaThread "Finalizer" daemon [_thread_blocked, id=12291, stack(0x000070000082f000,0x000070000092f000)]
  0x00007fe9a2002000 JavaThread "Reference Handler" daemon [_thread_blocked, id=11779, stack(0x000070000072c000,0x000070000082c000)]
  0x00007fe9a1008000 JavaThread "main" [_thread_in_native, id=5891, stack(0x000070000011a000,0x000070000021a000)]

Other Threads:
  0x00007fe9a103d800 VMThread [stack: 0x0000700000629000,0x0000700000729000] [id=11267]
  0x00007fe9a0804800 WatcherThread [stack: 0x0000700000fca000,0x00007000010ca000] [id=19459]

VM state:not at safepoint (normal execution)

VM Mutex/Monitor currently owned by a thread: None

Heap:
 PSYoungGen      total 18944K, used 4331K [0x00000007aab00000, 0x00000007ac000000, 0x00000007c0000000)
  eden space 16384K, 10% used [0x00000007aab00000,0x00000007aacc01d8,0x00000007abb00000)
  from space 2560K, 99% used [0x00000007abb00000,0x00000007abd7ad98,0x00000007abd80000)
  to   space 2560K, 0% used [0x00000007abd80000,0x00000007abd80000,0x00000007ac000000)
 ParOldGen       total 44032K, used 846K [0x0000000780000000, 0x0000000782b00000, 0x00000007aab00000)
  object space 44032K, 1% used [0x0000000780000000,0x00000007800d3908,0x0000000782b00000)
 Metaspace       used 8882K, capacity 9058K, committed 9216K, reserved 1056768K
  class space    used 902K, capacity 986K, committed 1024K, reserved 1048576K

Card table byte_map: [0x000000011c9c0000,0x000000011cbc1000] byte_map_base: 0x0000000118dc0000

Marking Bits: (ParMarkBitMap*) 0x000000010c656d20
 Begin Bits: [0x000000011cd17000, 0x000000011dd17000)
 End Bits:   [0x000000011dd17000, 0x000000011ed17000)

Polling page: 0x000000010cd4f000

CodeCache: size=245760Kb used=3818Kb max_used=3826Kb free=241941Kb
 bounds [0x000000010d600000, 0x000000010d9c0000, 0x000000011c600000]
 total_blobs=1396 nmethods=977 adapters=333
 compilation: enabled

Compilation events (10 events):
Event: 13.939 Thread 0x00007fe9a2013000  973       1       java.nio.HeapByteBuffer::_get (7 bytes)
Event: 13.939 Thread 0x00007fe9a2013000 nmethod 973 0x000000010d9b9350 code [0x000000010d9b94a0, 0x000000010d9b95d0]
Event: 13.959 Thread 0x00007fe9a2013000  974       3       java.nio.Buffer::nextPutIndex (38 bytes)
Event: 13.960 Thread 0x00007fe9a2013000 nmethod 974 0x000000010d9b9690 code [0x000000010d9b9800, 0x000000010d9b9a28]
Event: 13.989 Thread 0x00007fe9a2013000  975       3       java.nio.Buffer::nextGetIndex (38 bytes)
Event: 13.989 Thread 0x00007fe9a2013000 nmethod 975 0x000000010d9b9b10 code [0x000000010d9b9c80, 0x000000010d9b9ea8]
Event: 14.056 Thread 0x00007fe9a201e800  976       4       jig.Entity$OffsetShape::getGloballyTransformedShape (60 bytes)
Event: 14.099 Thread 0x00007fe9a201e800 nmethod 976 0x000000010d9bc450 code [0x000000010d9bc780, 0x000000010d9bdfa0]
Event: 14.372 Thread 0x00007fe9a2012800  977       4       org.newdawn.slick.util.FastTrig::cos (9 bytes)
Event: 14.373 Thread 0x00007fe9a2012800 nmethod 977 0x000000010d9bb310 code [0x000000010d9bb4a0, 0x000000010d9bb5f8]

GC Heap History (2 events):
Event: 11.279 GC heap before
{Heap before GC invocations=1 (full 0):
 PSYoungGen      total 18944K, used 16384K [0x00000007aab00000, 0x00000007ac000000, 0x00000007c0000000)
  eden space 16384K, 100% used [0x00000007aab00000,0x00000007abb00000,0x00000007abb00000)
  from space 2560K, 0% used [0x00000007abd80000,0x00000007abd80000,0x00000007ac000000)
  to   space 2560K, 0% used [0x00000007abb00000,0x00000007abb00000,0x00000007abd80000)
 ParOldGen       total 44032K, used 0K [0x0000000780000000, 0x0000000782b00000, 0x00000007aab00000)
  object space 44032K, 0% used [0x0000000780000000,0x0000000780000000,0x0000000782b00000)
 Metaspace       used 8872K, capacity 9058K, committed 9216K, reserved 1056768K
  class space    used 902K, capacity 986K, committed 1024K, reserved 1048576K
Event: 11.289 GC heap after
Heap after GC invocations=1 (full 0):
 PSYoungGen      total 18944K, used 2539K [0x00000007aab00000, 0x00000007ac000000, 0x00000007c0000000)
  eden space 16384K, 0% used [0x00000007aab00000,0x00000007aab00000,0x00000007abb00000)
  from space 2560K, 99% used [0x00000007abb00000,0x00000007abd7ad98,0x00000007abd80000)
  to   space 2560K, 0% used [0x00000007abd80000,0x00000007abd80000,0x00000007ac000000)
 ParOldGen       total 44032K, used 846K [0x0000000780000000, 0x0000000782b00000, 0x00000007aab00000)
  object space 44032K, 1% used [0x0000000780000000,0x00000007800d3908,0x0000000782b00000)
 Metaspace       used 8872K, capacity 9058K, committed 9216K, reserved 1056768K
  class space    used 902K, capacity 986K, committed 1024K, reserved 1048576K
}

Deoptimization events (1 events):
Event: 0.536 Thread 0x00007fe9a1008000 Uncommon trap: reason=unstable_if action=reinterpret pc=0x000000010d7997a8 method=java.lang.String.replace(CC)Ljava/lang/String; @ 26

Internal exceptions (10 events):
Event: 0.140 Thread 0x00007fe9a1008000 Exception <a 'java/security/PrivilegedActionException'> (0x00000007aac0d3e8) thrown at [/Users/java_re/workspace/8-2-build-macosx-x86_64/jdk8u111/7883/hotspot/src/share/vm/prims/jvm.cpp, line 1386]
Event: 0.229 Thread 0x00007fe9a1008000 Exception <a 'java/security/PrivilegedActionException'> (0x00000007aad5def8) thrown at [/Users/java_re/workspace/8-2-build-macosx-x86_64/jdk8u111/7883/hotspot/src/share/vm/prims/jvm.cpp, line 1386]
Event: 0.229 Thread 0x00007fe9a1008000 Exception <a 'java/security/PrivilegedActionException'> (0x00000007aad5e108) thrown at [/Users/java_re/workspace/8-2-build-macosx-x86_64/jdk8u111/7883/hotspot/src/share/vm/prims/jvm.cpp, line 1386]
Event: 0.230 Thread 0x00007fe9a1008000 Exception <a 'java/security/PrivilegedActionException'> (0x00000007aad615f8) thrown at [/Users/java_re/workspace/8-2-build-macosx-x86_64/jdk8u111/7883/hotspot/src/share/vm/prims/jvm.cpp, line 1386]
Event: 0.230 Thread 0x00007fe9a1008000 Exception <a 'java/security/PrivilegedActionException'> (0x00000007aad61808) thrown at [/Users/java_re/workspace/8-2-build-macosx-x86_64/jdk8u111/7883/hotspot/src/share/vm/prims/jvm.cpp, line 1386]
Event: 0.298 Thread 0x00007fe9a1008000 Exception <a 'java/lang/NoSuchFieldError': method resolution failed> (0x00000007aae30990) thrown at [/Users/java_re/workspace/8-2-build-macosx-x86_64/jdk8u111/7883/hotspot/src/share/vm/prims/methodHandles.cpp, line 1146]
Event: 0.300 Thread 0x00007fe9a1008000 Exception <a 'java/lang/NoSuchFieldError': method resolution failed> (0x00000007aae3e120) thrown at [/Users/java_re/workspace/8-2-build-macosx-x86_64/jdk8u111/7883/hotspot/src/share/vm/prims/methodHandles.cpp, line 1146]
Event: 0.516 Thread 0x00007fe9a1008000 Exception <a 'java/io/FileNotFoundException'> (0x00000007aaeb8ce0) thrown at [/Users/java_re/workspace/8-2-build-macosx-x86_64/jdk8u111/7883/hotspot/src/share/vm/prims/jni.cpp, line 709]
Event: 0.516 Thread 0x00007fe9a1008000 Exception <a 'java/io/FileNotFoundException'> (0x00000007aaeb9888) thrown at [/Users/java_re/workspace/8-2-build-macosx-x86_64/jdk8u111/7883/hotspot/src/share/vm/prims/jni.cpp, line 709]
Event: 0.527 Thread 0x00007fe9a1008000 Exception <a 'java/lang/UnsatisfiedLinkError'> (0x00000007aaec88f8) thrown at [/Users/java_re/workspace/8-2-build-macosx-x86_64/jdk8u111/7883/hotspot/src/share/vm/prims/jvm.cpp, line 1390]

Events (10 events):
Event: 1.499 loading class org/newdawn/slick/AngelCodeFont$DisplayList
Event: 1.499 loading class org/newdawn/slick/AngelCodeFont$DisplayList done
Event: 2.499 loading class org/newdawn/slick/state/transition/EmptyTransition
Event: 2.499 loading class org/newdawn/slick/state/transition/EmptyTransition done
Event: 2.522 loading class org/newdawn/slick/util/FastTrig
Event: 2.522 loading class org/newdawn/slick/util/FastTrig done
Event: 4.146 Executing VM operation: EnableBiasedLocking
Event: 4.146 Executing VM operation: EnableBiasedLocking done
Event: 11.279 Executing VM operation: ParallelGCFailedAllocation
Event: 11.290 Executing VM operation: ParallelGCFailedAllocation done


Dynamic libraries:
0x000000000aeaa000 	/System/Library/Frameworks/Cocoa.framework/Versions/A/Cocoa
0x000000000aeaa000 	/System/Library/Frameworks/Security.framework/Versions/A/Security
0x000000000aeaa000 	/System/Library/Frameworks/ApplicationServices.framework/Versions/A/ApplicationServices
0x000000000aeaa000 	/usr/lib/libz.1.dylib
0x000000000aeaa000 	/usr/lib/libSystem.B.dylib
0x000000000aeaa000 	/usr/lib/libobjc.A.dylib
0x000000000aeaa000 	/System/Library/Frameworks/CoreFoundation.framework/Versions/A/CoreFoundation
0x000000000aeaa000 	/System/Library/Frameworks/Foundation.framework/Versions/C/Foundation
0x000000000aeaa000 	/System/Library/Frameworks/AppKit.framework/Versions/C/AppKit
0x000000000aeaa000 	/System/Library/Frameworks/CoreData.framework/Versions/A/CoreData
0x000000000aeaa000 	/System/Library/PrivateFrameworks/RemoteViewServices.framework/Versions/A/RemoteViewServices
0x000000000aeaa000 	/System/Library/PrivateFrameworks/UIFoundation.framework/Versions/A/UIFoundation
0x000000000aeaa000 	/usr/lib/libScreenReader.dylib
0x000000000aeaa000 	/System/Library/Frameworks/Accelerate.framework/Versions/A/Accelerate
0x000000000aeaa000 	/System/Library/Frameworks/IOSurface.framework/Versions/A/IOSurface
0x000000000aeaa000 	/System/Library/Frameworks/AudioToolbox.framework/Versions/A/AudioToolbox
0x000000000aeaa000 	/System/Library/Frameworks/AudioUnit.framework/Versions/A/AudioUnit
0x000000000aeaa000 	/System/Library/PrivateFrameworks/DataDetectorsCore.framework/Versions/A/DataDetectorsCore
0x000000000aeaa000 	/System/Library/PrivateFrameworks/DesktopServicesPriv.framework/Versions/A/DesktopServicesPriv
0x000000000aeaa000 	/System/Library/Frameworks/Carbon.framework/Versions/A/Frameworks/HIToolbox.framework/Versions/A/HIToolbox
0x000000000aeaa000 	/System/Library/Frameworks/QuartzCore.framework/Versions/A/QuartzCore
0x000000000aeaa000 	/System/Library/Frameworks/Carbon.framework/Versions/A/Frameworks/SpeechRecognition.framework/Versions/A/SpeechRecognition
0x000000000aeaa000 	/usr/lib/libauto.dylib
0x000000000aeaa000 	/usr/lib/libicucore.A.dylib
0x000000000aeaa000 	/usr/lib/libxml2.2.dylib
0x000000000aeaa000 	/System/Library/PrivateFrameworks/CoreUI.framework/Versions/A/CoreUI
0x000000000aeaa000 	/System/Library/Frameworks/CoreAudio.framework/Versions/A/CoreAudio
0x000000000aeaa000 	/System/Library/Frameworks/DiskArbitration.framework/Versions/A/DiskArbitration
0x000000000aeaa000 	/usr/lib/liblangid.dylib
0x000000000aeaa000 	/System/Library/PrivateFrameworks/MultitouchSupport.framework/Versions/A/MultitouchSupport
0x000000000aeaa000 	/System/Library/Frameworks/IOKit.framework/Versions/A/IOKit
0x000000000aeaa000 	/usr/lib/libDiagnosticMessagesClient.dylib
0x000000000aeaa000 	/System/Library/Frameworks/CoreServices.framework/Versions/A/CoreServices
0x000000000aeaa000 	/System/Library/PrivateFrameworks/PerformanceAnalysis.framework/Versions/A/PerformanceAnalysis
0x000000000aeaa000 	/System/Library/PrivateFrameworks/GenerationalStorage.framework/Versions/A/GenerationalStorage
0x000000000aeaa000 	/System/Library/Frameworks/OpenGL.framework/Versions/A/OpenGL
0x000000000aeaa000 	/System/Library/PrivateFrameworks/Sharing.framework/Versions/A/Sharing
0x000000000aeaa000 	/System/Library/Frameworks/CoreGraphics.framework/Versions/A/CoreGraphics
0x000000000aeaa000 	/System/Library/Frameworks/CoreImage.framework/Versions/A/CoreImage
0x000000000aeaa000 	/System/Library/Frameworks/CoreText.framework/Versions/A/CoreText
0x000000000aeaa000 	/System/Library/Frameworks/ImageIO.framework/Versions/A/ImageIO
0x000000000aeaa000 	/System/Library/PrivateFrameworks/Backup.framework/Versions/A/Backup
0x000000000aeaa000 	/usr/lib/libextension.dylib
0x000000000aeaa000 	/usr/lib/libarchive.2.dylib
0x000000000aeaa000 	/System/Library/Frameworks/CFNetwork.framework/Versions/A/CFNetwork
0x000000000aeaa000 	/System/Library/Frameworks/SystemConfiguration.framework/Versions/A/SystemConfiguration
0x000000000aeaa000 	/usr/lib/libCRFSuite.dylib
0x000000000aeaa000 	/usr/lib/libc++.1.dylib
0x000000000aeaa000 	/usr/lib/libc++abi.dylib
0x000000000aeaa000 	/usr/lib/system/libcache.dylib
0x000000000aeaa000 	/usr/lib/system/libcommonCrypto.dylib
0x000000000aeaa000 	/usr/lib/system/libcompiler_rt.dylib
0x000000000aeaa000 	/usr/lib/system/libcopyfile.dylib
0x000000000aeaa000 	/usr/lib/system/libcorecrypto.dylib
0x000000000aeaa000 	/usr/lib/system/libdispatch.dylib
0x000000000aeaa000 	/usr/lib/system/libdyld.dylib
0x000000000aeaa000 	/usr/lib/system/libkeymgr.dylib
0x000000000aeaa000 	/usr/lib/system/liblaunch.dylib
0x000000000aeaa000 	/usr/lib/system/libmacho.dylib
0x000000000aeaa000 	/usr/lib/system/libquarantine.dylib
0x000000000aeaa000 	/usr/lib/system/libremovefile.dylib
0x000000000aeaa000 	/usr/lib/system/libsystem_asl.dylib
0x000000000aeaa000 	/usr/lib/system/libsystem_blocks.dylib
0x000000000aeaa000 	/usr/lib/system/libsystem_c.dylib
0x000000000aeaa000 	/usr/lib/system/libsystem_configuration.dylib
0x000000000aeaa000 	/usr/lib/system/libsystem_coreservices.dylib
0x000000000aeaa000 	/usr/lib/system/libsystem_coretls.dylib
0x000000000aeaa000 	/usr/lib/system/libsystem_dnssd.dylib
0x000000000aeaa000 	/usr/lib/system/libsystem_info.dylib
0x000000000aeaa000 	/usr/lib/system/libsystem_kernel.dylib
0x000000000aeaa000 	/usr/lib/system/libsystem_m.dylib
0x000000000aeaa000 	/usr/lib/system/libsystem_malloc.dylib
0x000000000aeaa000 	/usr/lib/system/libsystem_network.dylib
0x000000000aeaa000 	/usr/lib/system/libsystem_networkextension.dylib
0x000000000aeaa000 	/usr/lib/system/libsystem_notify.dylib
0x000000000aeaa000 	/usr/lib/system/libsystem_platform.dylib
0x000000000aeaa000 	/usr/lib/system/libsystem_pthread.dylib
0x000000000aeaa000 	/usr/lib/system/libsystem_sandbox.dylib
0x000000000aeaa000 	/usr/lib/system/libsystem_secinit.dylib
0x000000000aeaa000 	/usr/lib/system/libsystem_trace.dylib
0x000000000aeaa000 	/usr/lib/system/libunc.dylib
0x000000000aeaa000 	/usr/lib/system/libunwind.dylib
0x000000000aeaa000 	/usr/lib/system/libxpc.dylib
0x000000000aeaa000 	/usr/lib/libenergytrace.dylib
0x000000000aeaa000 	/usr/lib/libbsm.0.dylib
0x000000000aeaa000 	/usr/lib/system/libkxld.dylib
0x000000000aeaa000 	/usr/lib/libxar.1.dylib
0x000000000aeaa000 	/usr/lib/libsqlite3.dylib
0x000000000aeaa000 	/usr/lib/libpam.2.dylib
0x000000000aeaa000 	/usr/lib/libOpenScriptingUtil.dylib
0x000000000aeaa000 	/usr/lib/libbz2.1.0.dylib
0x000000000aeaa000 	/usr/lib/liblzma.5.dylib
0x000000000aeaa000 	/System/Library/Frameworks/CoreServices.framework/Versions/A/Frameworks/FSEvents.framework/Versions/A/FSEvents
0x000000000aeaa000 	/System/Library/Frameworks/CoreServices.framework/Versions/A/Frameworks/CarbonCore.framework/Versions/A/CarbonCore
0x000000000aeaa000 	/System/Library/Frameworks/CoreServices.framework/Versions/A/Frameworks/Metadata.framework/Versions/A/Metadata
0x000000000aeaa000 	/System/Library/Frameworks/CoreServices.framework/Versions/A/Frameworks/OSServices.framework/Versions/A/OSServices
0x000000000aeaa000 	/System/Library/Frameworks/CoreServices.framework/Versions/A/Frameworks/SearchKit.framework/Versions/A/SearchKit
0x000000000aeaa000 	/System/Library/Frameworks/CoreServices.framework/Versions/A/Frameworks/AE.framework/Versions/A/AE
0x000000000aeaa000 	/System/Library/Frameworks/CoreServices.framework/Versions/A/Frameworks/LaunchServices.framework/Versions/A/LaunchServices
0x000000000aeaa000 	/System/Library/Frameworks/CoreServices.framework/Versions/A/Frameworks/DictionaryServices.framework/Versions/A/DictionaryServices
0x000000000aeaa000 	/System/Library/Frameworks/CoreServices.framework/Versions/A/Frameworks/SharedFileList.framework/Versions/A/SharedFileList
0x000000000aeaa000 	/System/Library/Frameworks/NetFS.framework/Versions/A/NetFS
0x000000000aeaa000 	/System/Library/PrivateFrameworks/NetAuth.framework/Versions/A/NetAuth
0x000000000aeaa000 	/System/Library/PrivateFrameworks/login.framework/Versions/A/Frameworks/loginsupport.framework/Versions/A/loginsupport
0x000000000aeaa000 	/System/Library/PrivateFrameworks/TCC.framework/Versions/A/TCC
0x000000000aeaa000 	/usr/lib/libmecabra.dylib
0x000000000aeaa000 	/System/Library/Frameworks/ApplicationServices.framework/Versions/A/Frameworks/ATS.framework/Versions/A/ATS
0x000000000aeaa000 	/System/Library/Frameworks/ApplicationServices.framework/Versions/A/Frameworks/ColorSync.framework/Versions/A/ColorSync
0x000000000aeaa000 	/System/Library/Frameworks/ApplicationServices.framework/Versions/A/Frameworks/HIServices.framework/Versions/A/HIServices
0x000000000aeaa000 	/System/Library/Frameworks/ApplicationServices.framework/Versions/A/Frameworks/LangAnalysis.framework/Versions/A/LangAnalysis
0x000000000aeaa000 	/System/Library/Frameworks/ApplicationServices.framework/Versions/A/Frameworks/PrintCore.framework/Versions/A/PrintCore
0x000000000aeaa000 	/System/Library/Frameworks/ApplicationServices.framework/Versions/A/Frameworks/QD.framework/Versions/A/QD
0x000000000aeaa000 	/System/Library/Frameworks/ApplicationServices.framework/Versions/A/Frameworks/SpeechSynthesis.framework/Versions/A/SpeechSynthesis
0x000000000aeaa000 	/System/Library/Frameworks/Metal.framework/Versions/A/Metal
0x000000000aeaa000 	/System/Library/Frameworks/Accelerate.framework/Versions/A/Frameworks/vImage.framework/Versions/A/vImage
0x000000000aeaa000 	/System/Library/Frameworks/Accelerate.framework/Versions/A/Frameworks/vecLib.framework/Versions/A/vecLib
0x000000000aeaa000 	/System/Library/Frameworks/Accelerate.framework/Versions/A/Frameworks/vecLib.framework/Versions/A/libvDSP.dylib
0x000000000aeaa000 	/System/Library/Frameworks/Accelerate.framework/Versions/A/Frameworks/vecLib.framework/Versions/A/libvMisc.dylib
0x000000000aeaa000 	/System/Library/Frameworks/Accelerate.framework/Versions/A/Frameworks/vecLib.framework/Versions/A/libLAPACK.dylib
0x000000000aeaa000 	/System/Library/Frameworks/Accelerate.framework/Versions/A/Frameworks/vecLib.framework/Versions/A/libBLAS.dylib
0x000000000aeaa000 	/System/Library/Frameworks/Accelerate.framework/Versions/A/Frameworks/vecLib.framework/Versions/A/libLinearAlgebra.dylib
0x000000000aeaa000 	/System/Library/Frameworks/Accelerate.framework/Versions/A/Frameworks/vecLib.framework/Versions/A/libSparseBLAS.dylib
0x000000000aeaa000 	/System/Library/PrivateFrameworks/GPUCompiler.framework/libmetal_timestamp.dylib
0x000000000aeaa000 	/System/Library/Frameworks/OpenGL.framework/Versions/A/Libraries/libCoreFSCache.dylib
0x000000000aeaa000 	/System/Library/PrivateFrameworks/IOAccelerator.framework/Versions/A/IOAccelerator
0x000000000aeaa000 	/System/Library/Frameworks/ApplicationServices.framework/Versions/A/Frameworks/ATS.framework/Versions/A/Resources/libFontParser.dylib
0x000000000aeaa000 	/System/Library/Frameworks/ApplicationServices.framework/Versions/A/Frameworks/ATS.framework/Versions/A/Resources/libFontRegistry.dylib
0x000000000aeaa000 	/System/Library/PrivateFrameworks/AppleVPA.framework/Versions/A/AppleVPA
0x000000000aeaa000 	/System/Library/PrivateFrameworks/AppleJPEG.framework/Versions/A/AppleJPEG
0x000000000aeaa000 	/System/Library/Frameworks/ImageIO.framework/Versions/A/Resources/libJPEG.dylib
0x000000000aeaa000 	/System/Library/Frameworks/ImageIO.framework/Versions/A/Resources/libTIFF.dylib
0x000000000aeaa000 	/System/Library/Frameworks/ImageIO.framework/Versions/A/Resources/libPng.dylib
0x000000000aeaa000 	/System/Library/Frameworks/ImageIO.framework/Versions/A/Resources/libGIF.dylib
0x000000000aeaa000 	/System/Library/Frameworks/ImageIO.framework/Versions/A/Resources/libJP2.dylib
0x000000000aeaa000 	/System/Library/Frameworks/ImageIO.framework/Versions/A/Resources/libRadiance.dylib
0x000000000aeaa000 	/System/Library/Frameworks/CoreVideo.framework/Versions/A/CoreVideo
0x000000000aeaa000 	/System/Library/Frameworks/OpenGL.framework/Versions/A/Libraries/libGLU.dylib
0x000000000aeaa000 	/System/Library/Frameworks/OpenGL.framework/Versions/A/Libraries/libGFXShared.dylib
0x000000000aeaa000 	/System/Library/Frameworks/OpenGL.framework/Versions/A/Libraries/libGL.dylib
0x000000000aeaa000 	/System/Library/Frameworks/OpenGL.framework/Versions/A/Libraries/libGLImage.dylib
0x000000000aeaa000 	/System/Library/Frameworks/OpenGL.framework/Versions/A/Libraries/libCVMSPluginSupport.dylib
0x000000000aeaa000 	/System/Library/Frameworks/OpenGL.framework/Versions/A/Libraries/libCoreVMClient.dylib
0x000000000aeaa000 	/usr/lib/libcompression.dylib
0x000000000aeaa000 	/usr/lib/libcups.2.dylib
0x000000000aeaa000 	/System/Library/Frameworks/Kerberos.framework/Versions/A/Kerberos
0x000000000aeaa000 	/System/Library/Frameworks/GSS.framework/Versions/A/GSS
0x000000000aeaa000 	/usr/lib/libresolv.9.dylib
0x000000000aeaa000 	/usr/lib/libiconv.2.dylib
0x000000000aeaa000 	/System/Library/PrivateFrameworks/Heimdal.framework/Versions/A/Heimdal
0x000000000aeaa000 	/usr/lib/libheimdal-asn1.dylib
0x000000000aeaa000 	/System/Library/Frameworks/OpenDirectory.framework/Versions/A/OpenDirectory
0x000000000aeaa000 	/System/Library/PrivateFrameworks/CommonAuth.framework/Versions/A/CommonAuth
0x000000000aeaa000 	/System/Library/Frameworks/OpenDirectory.framework/Versions/A/Frameworks/CFOpenDirectory.framework/Versions/A/CFOpenDirectory
0x000000000aeaa000 	/System/Library/Frameworks/SecurityFoundation.framework/Versions/A/SecurityFoundation
0x000000000aeaa000 	/System/Library/PrivateFrameworks/LanguageModeling.framework/Versions/A/LanguageModeling
0x000000000aeaa000 	/usr/lib/libmarisa.dylib
0x000000000aeaa000 	/usr/lib/libChineseTokenizer.dylib
0x000000000aeaa000 	/usr/lib/libcmph.dylib
0x000000000aeaa000 	/System/Library/Frameworks/ServiceManagement.framework/Versions/A/ServiceManagement
0x000000000aeaa000 	/usr/lib/libxslt.1.dylib
0x000000000aeaa000 	/System/Library/Frameworks/Carbon.framework/Versions/A/Frameworks/Ink.framework/Versions/A/Ink
0x000000000aeaa000 	/usr/lib/libFosl_dynamic.dylib
0x000000000aeaa000 	/System/Library/PrivateFrameworks/FaceCore.framework/Versions/A/FaceCore
0x000000000aeaa000 	/System/Library/Frameworks/OpenCL.framework/Versions/A/OpenCL
0x000000000aeaa000 	/System/Library/PrivateFrameworks/CrashReporterSupport.framework/Versions/A/CrashReporterSupport
0x000000000aeaa000 	/System/Library/PrivateFrameworks/IconServices.framework/Versions/A/IconServices
0x000000000aeaa000 	/System/Library/PrivateFrameworks/Apple80211.framework/Versions/A/Apple80211
0x000000000aeaa000 	/System/Library/Frameworks/CoreWLAN.framework/Versions/A/CoreWLAN
0x000000000aeaa000 	/System/Library/Frameworks/IOBluetooth.framework/Versions/A/IOBluetooth
0x000000000aeaa000 	/System/Library/PrivateFrameworks/CoreWiFi.framework/Versions/A/CoreWiFi
0x000000000aeaa000 	/System/Library/Frameworks/CoreBluetooth.framework/Versions/A/CoreBluetooth
0x000000000aeaa000 	/System/Library/PrivateFrameworks/ChunkingLibrary.framework/Versions/A/ChunkingLibrary
0x000000000aeaa000 	/System/Library/PrivateFrameworks/DebugSymbols.framework/Versions/A/DebugSymbols
0x000000000aeaa000 	/System/Library/PrivateFrameworks/CoreSymbolication.framework/Versions/A/CoreSymbolication
0x000000000aeaa000 	/System/Library/PrivateFrameworks/Symbolication.framework/Versions/A/Symbolication
0x000000000aeaa000 	/System/Library/PrivateFrameworks/SpeechRecognitionCore.framework/Versions/A/SpeechRecognitionCore
0x000000010bd67000 	/Library/Java/JavaVirtualMachines/jdk1.8.0_111.jdk/Contents/Home/jre/lib/server/libjvm.dylib
0x000000000aeaa000 	/usr/lib/libstdc++.6.dylib
0x000000010cd0c000 	/Library/Java/JavaVirtualMachines/jdk1.8.0_111.jdk/Contents/Home/jre/lib/libverify.dylib
0x000000010cd1a000 	/Library/Java/JavaVirtualMachines/jdk1.8.0_111.jdk/Contents/Home/jre/lib/libjava.dylib
0x000000010cd59000 	/Library/Java/JavaVirtualMachines/jdk1.8.0_111.jdk/Contents/Home/jre/lib/libzip.dylib
0x0000000120963000 	/System/Library/Frameworks/JavaVM.framework/Frameworks/JavaRuntimeSupport.framework/JavaRuntimeSupport
0x000000012097e000 	/System/Library/Frameworks/JavaVM.framework/Versions/A/Frameworks/JavaNativeFoundation.framework/Versions/A/JavaNativeFoundation
0x0000000120993000 	/System/Library/Frameworks/JavaVM.framework/Versions/A/JavaVM
0x000000000aeaa000 	/System/Library/Frameworks/Carbon.framework/Versions/A/Carbon
0x00000001209a0000 	/System/Library/PrivateFrameworks/JavaLaunching.framework/Versions/A/JavaLaunching
0x000000000aeaa000 	/System/Library/Frameworks/Carbon.framework/Versions/A/Frameworks/CommonPanels.framework/Versions/A/CommonPanels
0x000000000aeaa000 	/System/Library/Frameworks/Carbon.framework/Versions/A/Frameworks/Help.framework/Versions/A/Help
0x000000000aeaa000 	/System/Library/Frameworks/Carbon.framework/Versions/A/Frameworks/ImageCapture.framework/Versions/A/ImageCapture
0x000000000aeaa000 	/System/Library/Frameworks/Carbon.framework/Versions/A/Frameworks/OpenScripting.framework/Versions/A/OpenScripting
0x000000000aeaa000 	/System/Library/Frameworks/Carbon.framework/Versions/A/Frameworks/Print.framework/Versions/A/Print
0x000000000aeaa000 	/System/Library/Frameworks/Carbon.framework/Versions/A/Frameworks/SecurityHI.framework/Versions/A/SecurityHI
0x0000000122317000 	/Library/Java/JavaVirtualMachines/jdk1.8.0_111.jdk/Contents/Home/jre/lib/libawt.dylib
0x00000001223bf000 	/Library/Java/JavaVirtualMachines/jdk1.8.0_111.jdk/Contents/Home/jre/lib/./libmlib_image.dylib
0x000000012248b000 	/Library/Java/JavaVirtualMachines/jdk1.8.0_111.jdk/Contents/Home/jre/lib/libawt_lwawt.dylib
0x0000000122540000 	/Library/Java/JavaVirtualMachines/jdk1.8.0_111.jdk/Contents/Home/jre/lib/./libosxapp.dylib
0x000000000aeaa000 	/System/Library/Frameworks/ExceptionHandling.framework/Versions/A/ExceptionHandling
0x000000000aeaa000 	/System/Library/PrivateFrameworks/CoreServicesInternal.framework/Versions/A/CoreServicesInternal
0x000000000aeaa000 	/System/Library/Frameworks/CoreGraphics.framework/Versions/A/Resources/libRIP.A.dylib
0x000000000aeaa000 	/System/Library/Frameworks/Accelerate.framework/Versions/A/Frameworks/vImage.framework/Versions/A/Libraries/libCGInterfaces.dylib
0x000000000aeaa000 	/System/Library/Frameworks/CoreGraphics.framework/Versions/A/Resources/libCGXType.A.dylib
0x000000000aeaa000 	/System/Library/Frameworks/OpenCL.framework/Versions/A/Libraries/libcldcpuengine.dylib
0x000000000aeaa000 	/System/Library/PrivateFrameworks/DiskImages.framework/Versions/A/DiskImages
0x000000000aeaa000 	/System/Library/Frameworks/DiscRecording.framework/Versions/A/DiscRecording
0x000000000aeaa000 	/usr/lib/libcsfde.dylib
0x000000000aeaa000 	/usr/lib/libcurl.4.dylib
0x000000000aeaa000 	/System/Library/PrivateFrameworks/MediaKit.framework/Versions/A/MediaKit
0x000000000aeaa000 	/System/Library/PrivateFrameworks/ProtectedCloudStorage.framework/Versions/A/ProtectedCloudStorage
0x000000000aeaa000 	/usr/lib/libCoreStorage.dylib
0x000000000aeaa000 	/System/Library/PrivateFrameworks/EFILogin.framework/Versions/A/EFILogin
0x000000000aeaa000 	/usr/lib/libutil.dylib
0x000000000aeaa000 	/System/Library/PrivateFrameworks/FindMyDevice.framework/Versions/A/FindMyDevice
0x000000000aeaa000 	/System/Library/Frameworks/LDAP.framework/Versions/A/LDAP
0x000000000aeaa000 	/usr/lib/libsasl2.2.dylib
0x000000000aeaa000 	/System/Library/PrivateFrameworks/CoreDaemon.framework/Versions/B/CoreDaemon
0x000000000aeaa000 	/usr/lib/libcrypto.0.9.8.dylib
0x000000000aeaa000 	/System/Library/PrivateFrameworks/AppleSRP.framework/Versions/A/AppleSRP
0x000000000aeaa000 	/System/Library/PrivateFrameworks/TrustEvaluationAgent.framework/Versions/A/TrustEvaluationAgent
0x0000000122cb7000 	cl_kernels
0x000000000aeaa000 	/System/Library/Frameworks/OpenCL.framework/Versions/A/Libraries/ImageFormats/unorm8_bgra.dylib
0x000000000aeaa000 	/System/Library/Frameworks/OpenCL.framework/Versions/A/Libraries/ImageFormats/unorm8_rgba.dylib
0x000000000aeaa000 	/System/Library/PrivateFrameworks/FamilyControls.framework/Versions/A/FamilyControls
0x000000000aeaa000 	/System/Library/PrivateFrameworks/CommerceKit.framework/Versions/A/Frameworks/CommerceCore.framework/Versions/A/CommerceCore
0x000000000aeaa000 	/System/Library/PrivateFrameworks/SystemAdministration.framework/Versions/A/SystemAdministration
0x000000000aeaa000 	/System/Library/PrivateFrameworks/AppContainer.framework/Versions/A/AppContainer
0x000000000aeaa000 	/System/Library/PrivateFrameworks/SecCodeWrapper.framework/Versions/A/SecCodeWrapper
0x000000000aeaa000 	/System/Library/Frameworks/DirectoryService.framework/Versions/A/DirectoryService
0x000000000aeaa000 	/System/Library/PrivateFrameworks/LoginUIKit.framework/Versions/A/Frameworks/LoginUICore.framework/Versions/A/LoginUICore
0x000000000aeaa000 	/usr/lib/libodfde.dylib
0x0000000124bb3000 	/Library/Java/JavaVirtualMachines/jdk1.8.0_111.jdk/Contents/Home/jre/lib/libfontmanager.dylib
0x0000000124c1a000 	/Users/kellykeniston/git/JIG/lib/lwjgl-2.9.0/native/macosx/liblwjgl.jnilib
0x0000000123137000 	/Library/Java/JavaVirtualMachines/jdk1.8.0_111.jdk/Contents/Home/jre/lib/libjawt.dylib
0x000000000aeaa000 	/System/Library/Frameworks/OpenGL.framework/Versions/A/Resources/GLEngine.bundle/GLEngine
0x000000000aeaa000 	/System/Library/Frameworks/OpenGL.framework/Versions/A/Libraries/libGLProgrammability.dylib
0x0000000124c95000 	/System/Library/Extensions/AppleIntelHD4000GraphicsGLDriver.bundle/Contents/MacOS/AppleIntelHD4000GraphicsGLDriver
0x000000000aeaa000 	/System/Library/PrivateFrameworks/GPUSupport.framework/Versions/A/Libraries/libGPUSupportMercury.dylib
0x000000000aeaa000 	/System/Library/Frameworks/OpenGL.framework/Versions/A/Resources/GLRendererFloat.bundle/GLRendererFloat
0x000000012643d000 	/Users/kellykeniston/git/JIG/lib/lwjgl-2.9.0/native/macosx/libjinput-osx.jnilib
0x0000000126442000 	/System/Library/Extensions/IOHIDFamily.kext/Contents/PlugIns/IOHIDLib.plugin/Contents/MacOS/IOHIDLib

VM Arguments:
jvm_args: -Djava.library.path=/Users/kellykeniston/git/JIG/lib/lwjgl-2.9.0/native/macosx:/Users/kellykeniston/git/JIG/lib/lwjgl-2.9.0/native/macosx -Dfile.encoding=UTF-8 
java_command: Kirby.KirbyGame
java_class_path (initial): /Users/kellykeniston/git/Kirby/Kirby/bin:/Users/kellykeniston/git/JIG/lib/slick.jar:/Users/kellykeniston/git/JIG/jig/bin:/Users/kellykeniston/git/JIG/lib/lwjgl-2.9.0/jar/jinput.jar:/Users/kellykeniston/git/JIG/lib/lwjgl-2.9.0/jar/lwjgl.jar:/Users/kellykeniston/git/JIG/lib/jogg-0.0.7.jar:/Users/kellykeniston/git/JIG/lib/jorbis-0.0.15.jar
Launcher Type: SUN_STANDARD

Environment Variables:
PATH=/usr/bin:/bin:/usr/sbin:/sbin
SHELL=/bin/bash

Signal Handlers:
SIGSEGV: [libjvm.dylib+0x5b03ed], sa_mask[0]=11111111011111110111111111111111, sa_flags=SA_ONSTACK|SA_RESTART|SA_SIGINFO
SIGBUS: [libjvm.dylib+0x5b03ed], sa_mask[0]=11111111011111110111111111111111, sa_flags=SA_RESTART|SA_SIGINFO
SIGFPE: [libjvm.dylib+0x48711c], sa_mask[0]=11111111011111110111111111111111, sa_flags=SA_RESTART|SA_SIGINFO
SIGPIPE: [libjvm.dylib+0x48711c], sa_mask[0]=11111111011111110111111111111111, sa_flags=SA_RESTART|SA_SIGINFO
SIGXFSZ: [libjvm.dylib+0x48711c], sa_mask[0]=11111111011111110111111111111111, sa_flags=SA_RESTART|SA_SIGINFO
SIGILL: [libjvm.dylib+0x48711c], sa_mask[0]=11111111011111110111111111111111, sa_flags=SA_RESTART|SA_SIGINFO
SIGUSR1: SIG_DFL, sa_mask[0]=00000000000000000000000000000000, sa_flags=none
SIGUSR2: [libjvm.dylib+0x486c3a], sa_mask[0]=00100000000000000000000000000000, sa_flags=SA_RESTART|SA_SIGINFO
SIGHUP: [libjvm.dylib+0x485211], sa_mask[0]=11111111011111110111111111111111, sa_flags=SA_RESTART|SA_SIGINFO
SIGINT: [libjvm.dylib+0x485211], sa_mask[0]=11111111011111110111111111111111, sa_flags=SA_RESTART|SA_SIGINFO
SIGTERM: [libjvm.dylib+0x485211], sa_mask[0]=11111111011111110111111111111111, sa_flags=SA_RESTART|SA_SIGINFO
SIGQUIT: [libjvm.dylib+0x485211], sa_mask[0]=11111111011111110111111111111111, sa_flags=SA_RESTART|SA_SIGINFO


---------------  S Y S T E M  ---------------

OS:Bsduname:Darwin 15.6.0 Darwin Kernel Version 15.6.0: Thu Jun 23 18:25:34 PDT 2016; root:xnu-3248.60.10~1/RELEASE_X86_64 x86_64
rlimit: STACK 8192k, CORE 0k, NPROC 709, NOFILE 10240, AS infinity
load average:1.62 1.57 1.85

CPU:total 4 (2 cores per cpu, 2 threads per core) family 6 model 58 stepping 9, cmov, cx8, fxsr, mmx, sse, sse2, sse3, ssse3, sse4.1, sse4.2, popcnt, avx, aes, clmul, erms, ht, tsc, tscinvbit, tscinv

Memory: 4k page, physical 4194304k(19360k free)

/proc/meminfo:


vm_info: Java HotSpot(TM) 64-Bit Server VM (25.111-b14) for bsd-amd64 JRE (1.8.0_111-b14), built on Sep 22 2016 15:31:41 by "java_re" with gcc 4.2.1 (Based on Apple Inc. build 5658) (LLVM build 2336.11.00)

time: Fri Nov 25 13:44:39 2016
elapsed time: 14 seconds (0d 0h 0m 14s)

