#
# A fatal error has been detected by the Java Runtime Environment:
#
#  SIGSEGV (0xb) at pc=0x00007fff97771b78, pid=50757, tid=0x0000000000000a0b
#
# JRE version: Java(TM) SE Runtime Environment (8.0_111-b14) (build 1.8.0_111-b14)
# Java VM: Java HotSpot(TM) 64-Bit Server VM (25.111-b14 mixed mode bsd-amd64 compressed oops)
# Problematic frame:
# C  [GLEngine+0x16b78]  glScissor_Exec+0x24
#
# Failed to write core dump. Core dumps have been disabled. To enable core dumping, try "ulimit -c unlimited" before starting Java again
#
# If you would like to submit a bug report, please visit:
#   http://bugreport.java.com/bugreport/crash.jsp
# The crash happened outside the Java Virtual Machine in native code.
# See problematic frame for where to report the bug.
#

---------------  T H R E A D  ---------------

Current thread (0x00007f8a8a8d8800):  JavaThread "AppKit Thread" daemon [_thread_in_native, id=2571, stack(0x00007fff51f20000,0x00007fff52720000)]

siginfo: si_signo: 11 (SIGSEGV), si_code: 0 (unknown), si_addr: 0x0000000000000000

Registers:
RAX=0x0000000000000000, RBX=0x2600de54e0ab7937, RCX=0x0000000000000500, RDX=0x0000000000000000
RSP=0x00007fff5271b420, RBP=0x00007fff5271b440, RSI=0x0000000000000000, RDI=0x9000000000000000
R8 =0x00000000000002d0, R9 =0x0000000000000000, R10=0x0000000000000038, R11=0x0000000000000206
R12=0x00007f8a8a9a9e00, R13=0x000000000002f23b, R14=0x000000000000352a, R15=0x0000000000000000
RIP=0x00007fff97771b78, EFLAGS=0x0000000000010202, ERR=0x0000000000000000
  TRAPNO=0x000000000000000d

Top of Stack: (sp=0x00007fff5271b420)
0x00007fff5271b420:   0000000000000000 000002d000000500
0x00007fff5271b430:   2600de54e0ab7937 000000000ceb3bf2
0x00007fff5271b440:   00007fff5271b4b0 00007fff9cb29797
0x00007fff5271b450:   00007fff5271b4b0 00007fff0ceb3bf2
0x00007fff5271b460:   3ff0000000000000 0000000042000000
0x00007fff5271b470:   00007fff942e7138 4094000000000000
0x00007fff5271b480:   4086800000000000 00007f8a8a5a7990
0x00007fff5271b490:   000000000000352a 000000000002f23b
0x00007fff5271b4a0:   00007f8a8a4b3890 00007fff97a6c4c0
0x00007fff5271b4b0:   00007fff5271b500 00007fff93f11ea8
0x00007fff5271b4c0:   0000000000000000 00007f8a8a4ab270
0x00007fff5271b4d0:   00007f8a8a9a9e00 00007fff5271b578
0x00007fff5271b4e0:   00007fff97a6c4c0 00007f8a8a479640
0x00007fff5271b4f0:   00007f8a8a4b3890 00007f8a8a4ab270
0x00007fff5271b500:   00007fff5271b530 00007fff9423e6c7
0x00007fff5271b510:   0000000000000000 00007f8a8a4ab270
0x00007fff5271b520:   00007fff5271b578 0000000000000001
0x00007fff5271b530:   00007fff5271b560 00007fff93d3c325
0x00007fff5271b540:   00007f8a8a4ab270 00007f8a8a4b3890
0x00007fff5271b550:   00007f8a8a4ab270 0000000000000000
0x00007fff5271b560:   00007fff5271b5c0 00007fff93efec0d
0x00007fff5271b570:   0000000000000000 00007fff7df4a0a0
0x00007fff5271b580:   0000000042000000 00007fff9423e607
0x00007fff5271b590:   00007fff7d0fd9e0 0000000000000000
0x00007fff5271b5a0:   00007f8a8a4b3890 00007f8a8a4ab270
0x00007fff5271b5b0:   00007f8a8a4b3890 00007f8a8a4ab270
0x00007fff5271b5c0:   00007fff5271b5f0 000000012664e66e
0x00007fff5271b5d0:   00007f8a8a4ab270 0000000126680b98
0x00007fff5271b5e0:   00007f8a8a479640 0000000000000094
0x00007fff5271b5f0:   00007fff5271bad0 00007fff93d61797
0x00007fff5271b600:   0000000000000000 0000000000000000
0x00007fff5271b610:   4094000000000000 4086800000000000 

Instructions: (pc=0x00007fff97771b78)
0x00007fff97771b58:   53 48 83 ec 18 48 8b 1d ac 64 52 e6 48 8b 1b 48
0x00007fff97771b68:   89 5d f0 89 75 e0 89 55 e4 89 4d e8 44 89 45 ec
0x00007fff97771b78:   66 83 bf 94 98 00 00 00 78 15 66 83 bf 28 9f 00
0x00007fff97771b88:   00 00 75 1b 66 c7 87 28 9f 00 00 02 05 eb 10 48 

Register to memory mapping:

RAX=0x0000000000000000 is an unknown value
RBX=0x2600de54e0ab7937 is an unknown value
RCX=0x0000000000000500 is an unknown value
RDX=0x0000000000000000 is an unknown value
RSP=0x00007fff5271b420 is pointing into the stack for thread: 0x00007f8a8a8d8800
RBP=0x00007fff5271b440 is pointing into the stack for thread: 0x00007f8a8a8d8800
RSI=0x0000000000000000 is an unknown value
RDI=0x9000000000000000 is an unknown value
R8 =0x00000000000002d0 is an unknown value
R9 =0x0000000000000000 is an unknown value
R10=0x0000000000000038 is an unknown value
R11=0x0000000000000206 is an unknown value
R12=0x00007f8a8a9a9e00 is an unknown value
R13=0x000000000002f23b is an unknown value
R14=0x000000000000352a is an unknown value
R15=0x0000000000000000 is an unknown value


Stack: [0x00007fff51f20000,0x00007fff52720000],  sp=0x00007fff5271b420,  free space=8173k
Native frames: (J=compiled Java code, j=interpreted, Vv=VM code, C=native code)
C  [GLEngine+0x16b78]  glScissor_Exec+0x24
C  [OpenGL+0x7797]  CGLSetSurface+0x21e
C  [AppKit+0x358ea8]  NSOpenGLContextAttachOnScreenViewSurface+0x109
C  [AppKit+0x6856c7]  __27-[NSOpenGLContext setView:]_block_invoke+0xc0
C  [AppKit+0x183325]  NSPerformVisuallyAtomicChange+0x93
C  [AppKit+0x345c0d]  -[NSOpenGLContext setView:]+0x77
C  [liblwjgl.jnilib+0x966e]  -[MacOSXOpenGLView lockFocus]+0x6e
C  [AppKit+0x1a8797]  -[NSView _recursiveDisplayRectIfNeededIgnoringOpacity:isVisibleRect:rectIsVisibleRectForView:topView:]+0x6e2
C  [AppKit+0x1a9785]  -[NSView _recursiveDisplayRectIfNeededIgnoringOpacity:isVisibleRect:rectIsVisibleRectForView:topView:]+0x16d0
C  [AppKit+0x1a7be0]  -[NSThemeFrame _recursiveDisplayRectIfNeededIgnoringOpacity:isVisibleRect:rectIsVisibleRectForView:topView:]+0x14e
C  [AppKit+0x1a5feb]  -[NSView _displayRectIgnoringOpacity:isVisibleRect:rectIsVisibleRectForView:]+0x991
C  [AppKit+0x1a13f5]  -[NSView displayIfNeeded]+0x79e
C  [AppKit+0x1a0c3c]  -[NSWindow displayIfNeeded]+0xe8
C  [AppKit+0x82541b]  ___NSWindowGetDisplayCycleObserver_block_invoke6365+0x1dc
C  [AppKit+0x1a05d6]  __37+[NSDisplayCycle currentDisplayCycle]_block_invoke+0x3ad
C  [QuartzCore+0x10f71]  CA::Transaction::run_commit_handlers(CATransactionPhase)+0x55
C  [QuartzCore+0x1042c]  CA::Context::commit_transaction(CA::Transaction*)+0xa0
C  [QuartzCore+0x100ec]  CA::Transaction::commit()+0x1fc
C  [QuartzCore+0x1b977]  CA::Transaction::observer_callback(__CFRunLoopObserver*, unsigned long, void*)+0x47
C  [CoreFoundation+0xaa067]  __CFRUNLOOP_IS_CALLING_OUT_TO_AN_OBSERVER_CALLBACK_FUNCTION__+0x17
C  [CoreFoundation+0xa9fd7]  __CFRunLoopDoObservers+0x187
C  [CoreFoundation+0x88ef8]  CFRunLoopRunSpecific+0x148
C  [HIToolbox+0x30935]  RunCurrentEventLoopInMode+0xeb
C  [HIToolbox+0x30677]  ReceiveNextEventCommon+0xb8
C  [HIToolbox+0x305af]  _BlockUntilNextEventMatchingListInModeWithFilter+0x47
C  [AppKit+0x48df6]  _DPSNextEvent+0x42b
C  [AppKit+0x48226]  -[NSApplication _nextEventMatchingEventMask:untilDate:inMode:dequeue:]+0x1c6
C  [libosxapp.dylib+0x23aa]  -[NSApplicationAWT nextEventMatchingMask:untilDate:inMode:dequeue:]+0x7c
C  [AppKit+0x3cd80]  -[NSApplication run]+0x2aa
C  [libosxapp.dylib+0x214d]  +[NSApplicationAWT runAWTLoopWithApp:]+0x9c
C  [libawt_lwawt.dylib+0x444b3]  -[AWTStarter starter:]+0x389
C  [Foundation+0x76fde]  __NSThreadPerformPerform+0x117
C  [CoreFoundation+0xaa881]  __CFRUNLOOP_IS_CALLING_OUT_TO_A_SOURCE0_PERFORM_FUNCTION__+0x11
C  [CoreFoundation+0x89fbc]  __CFRunLoopDoSources0+0x22c
C  [CoreFoundation+0x894df]  __CFRunLoopRun+0x39f
C  [CoreFoundation+0x88ed8]  CFRunLoopRunSpecific+0x128
C  [java+0x6465]  CreateExecutionEnvironment+0x367
C  [java+0x218c]  JLI_Launch+0x7a0
C  [java+0x84c2]  main+0x65
C  [java+0x19e4]  start+0x34
C  0x0000000000000006


---------------  P R O C E S S  ---------------

Java Threads: ( => current thread )
  0x00007f8a8f042800 JavaThread "AWT-Shutdown" [_thread_blocked, id=33043, stack(0x0000700000932000,0x0000700000a32000)]
  0x00007f8a8b94f000 JavaThread "Java2D Queue Flusher" daemon [_thread_blocked, id=58119, stack(0x0000700001150000,0x0000700001250000)]
  0x00007f8a8ba4e800 JavaThread "Java2D Disposer" daemon [_thread_blocked, id=52759, stack(0x00007000012d6000,0x00007000013d6000)]
=>0x00007f8a8a8d8800 JavaThread "AppKit Thread" daemon [_thread_in_native, id=2571, stack(0x00007fff51f20000,0x00007fff52720000)]
  0x00007f8a8a87a000 JavaThread "Service Thread" daemon [_thread_blocked, id=18691, stack(0x0000700000e44000,0x0000700000f44000)]
  0x00007f8a8a877000 JavaThread "C1 CompilerThread2" daemon [_thread_blocked, id=18179, stack(0x0000700000d41000,0x0000700000e41000)]
  0x00007f8a8a876800 JavaThread "C2 CompilerThread1" daemon [_thread_blocked, id=17667, stack(0x0000700000c3e000,0x0000700000d3e000)]
  0x00007f8a8b81c000 JavaThread "C2 CompilerThread0" daemon [_thread_blocked, id=17155, stack(0x0000700000b3b000,0x0000700000c3b000)]
  0x00007f8a8a83e000 JavaThread "Signal Dispatcher" daemon [_thread_blocked, id=13839, stack(0x0000700000a38000,0x0000700000b38000)]
  0x00007f8a8b812000 JavaThread "Finalizer" daemon [_thread_blocked, id=12291, stack(0x000070000082f000,0x000070000092f000)]
  0x00007f8a8a862800 JavaThread "Reference Handler" daemon [_thread_blocked, id=11779, stack(0x000070000072c000,0x000070000082c000)]
  0x00007f8a8a80a800 JavaThread "main" [_thread_in_native, id=5891, stack(0x000070000011a000,0x000070000021a000)]

Other Threads:
  0x00007f8a8a85d800 VMThread [stack: 0x0000700000629000,0x0000700000729000] [id=11267]
  0x00007f8a8a87a800 WatcherThread [stack: 0x0000700000f47000,0x0000700001047000] [id=19203]

VM state:not at safepoint (normal execution)

VM Mutex/Monitor currently owned by a thread: None

Heap:
 PSYoungGen      total 80384K, used 39689K [0x00000007aab00000, 0x00000007b4200000, 0x00000007c0000000)
  eden space 64000K, 59% used [0x00000007aab00000,0x00000007ad0425b8,0x00000007ae980000)
  from space 16384K, 9% used [0x00000007ae980000,0x00000007aeb00000,0x00000007af980000)
  to   space 15872K, 0% used [0x00000007b3280000,0x00000007b3280000,0x00000007b4200000)
 ParOldGen       total 51712K, used 14115K [0x0000000780000000, 0x0000000783280000, 0x00000007aab00000)
  object space 51712K, 27% used [0x0000000780000000,0x0000000780dc8f10,0x0000000783280000)
 Metaspace       used 11608K, capacity 11848K, committed 12032K, reserved 1060864K
  class space    used 1190K, capacity 1279K, committed 1280K, reserved 1048576K

Card table byte_map: [0x000000011e361000,0x000000011e562000] byte_map_base: 0x000000011a761000

Marking Bits: (ParMarkBitMap*) 0x000000010e8efd20
 Begin Bits: [0x000000011e6b8000, 0x000000011f6b8000)
 End Bits:   [0x000000011f6b8000, 0x00000001206b8000)

Polling page: 0x000000010d7a3000

CodeCache: size=245760Kb used=6046Kb max_used=6048Kb free=239713Kb
 bounds [0x000000010efa1000, 0x000000010f591000, 0x000000011dfa1000]
 total_blobs=2102 nmethods=1573 adapters=443
 compilation: enabled

Compilation events (10 events):
Event: 42.011 Thread 0x00007f8a8a877000 1573       1       java.nio.HeapByteBuffer::_put (8 bytes)
Event: 42.011 Thread 0x00007f8a8a877000 nmethod 1573 0x000000010f58c210 code [0x000000010f58c360, 0x000000010f58c490]
Event: 42.087 Thread 0x00007f8a8a877000 1576       3       sun.misc.FloatingDecimal$BinaryToASCIIBuffer::estimateDecExp (182 bytes)
Event: 42.088 Thread 0x00007f8a8a877000 nmethod 1576 0x000000010f58d590 code [0x000000010f58d760, 0x000000010f58dc50]
Event: 42.148 Thread 0x00007f8a8a877000 1577       3       java.util.concurrent.locks.AbstractQueuedSynchronizer::release (33 bytes)
Event: 42.149 Thread 0x00007f8a8a877000 nmethod 1577 0x000000010f58b590 code [0x000000010f58b720, 0x000000010f58ba38]
Event: 42.149 Thread 0x00007f8a8a877000 1578       3       java.util.concurrent.locks.ReentrantLock$Sync::tryRelease (45 bytes)
Event: 42.149 Thread 0x00007f8a8a877000 nmethod 1578 0x000000010f58cd10 code [0x000000010f58cea0, 0x000000010f58d448]
Event: 42.149 Thread 0x00007f8a8a877000 1579       3       java.util.concurrent.locks.AbstractQueuedSynchronizer::setState (6 bytes)
Event: 42.149 Thread 0x00007f8a8a877000 nmethod 1579 0x000000010f58ca10 code [0x000000010f58cb60, 0x000000010f58ccb0]

GC Heap History (10 events):
Event: 3.827 GC heap before
{Heap before GC invocations=4 (full 0):
 PSYoungGen      total 18944K, used 18944K [0x00000007aab00000, 0x00000007ad000000, 0x00000007c0000000)
  eden space 16384K, 100% used [0x00000007aab00000,0x00000007abb00000,0x00000007abb00000)
  from space 2560K, 100% used [0x00000007abb00000,0x00000007abd80000,0x00000007abd80000)
  to   space 2560K, 0% used [0x00000007acd80000,0x00000007acd80000,0x00000007ad000000)
 ParOldGen       total 44032K, used 13312K [0x0000000780000000, 0x0000000782b00000, 0x00000007aab00000)
  object space 44032K, 30% used [0x0000000780000000,0x0000000780d000a0,0x0000000782b00000)
 Metaspace       used 11104K, capacity 11272K, committed 11520K, reserved 1058816K
  class space    used 1167K, capacity 1215K, committed 1280K, reserved 1048576K
Event: 3.831 GC heap after
Heap after GC invocations=4 (full 0):
 PSYoungGen      total 35328K, used 2530K [0x00000007aab00000, 0x00000007ad000000, 0x00000007c0000000)
  eden space 32768K, 0% used [0x00000007aab00000,0x00000007aab00000,0x00000007acb00000)
  from space 2560K, 98% used [0x00000007acd80000,0x00000007acff8900,0x00000007ad000000)
  to   space 2560K, 0% used [0x00000007acb00000,0x00000007acb00000,0x00000007acd80000)
 ParOldGen       total 44032K, used 13328K [0x0000000780000000, 0x0000000782b00000, 0x00000007aab00000)
  object space 44032K, 30% used [0x0000000780000000,0x0000000780d040a0,0x0000000782b00000)
 Metaspace       used 11104K, capacity 11272K, committed 11520K, reserved 1058816K
  class space    used 1167K, capacity 1215K, committed 1280K, reserved 1048576K
}
Event: 4.181 GC heap before
{Heap before GC invocations=5 (full 0):
 PSYoungGen      total 35328K, used 31473K [0x00000007aab00000, 0x00000007ad000000, 0x00000007c0000000)
  eden space 32768K, 88% used [0x00000007aab00000,0x00000007ac743db8,0x00000007acb00000)
  from space 2560K, 98% used [0x00000007acd80000,0x00000007acff8900,0x00000007ad000000)
  to   space 2560K, 0% used [0x00000007acb00000,0x00000007acb00000,0x00000007acd80000)
 ParOldGen       total 44032K, used 13328K [0x0000000780000000, 0x0000000782b00000, 0x00000007aab00000)
  object space 44032K, 30% used [0x0000000780000000,0x0000000780d040a0,0x0000000782b00000)
 Metaspace       used 11275K, capacity 11464K, committed 11520K, reserved 1058816K
  class space    used 1184K, capacity 1279K, committed 1280K, reserved 1048576K
Event: 4.188 GC heap after
Heap after GC invocations=5 (full 0):
 PSYoungGen      total 35328K, used 2551K [0x00000007aab00000, 0x00000007b0800000, 0x00000007c0000000)
  eden space 32768K, 0% used [0x00000007aab00000,0x00000007aab00000,0x00000007acb00000)
  from space 2560K, 99% used [0x00000007acb00000,0x00000007acd7ddf0,0x00000007acd80000)
  to   space 14848K, 0% used [0x00000007af980000,0x00000007af980000,0x00000007b0800000)
 ParOldGen       total 44032K, used 14607K [0x0000000780000000, 0x0000000782b00000, 0x00000007aab00000)
  object space 44032K, 33% used [0x0000000780000000,0x0000000780e43dc8,0x0000000782b00000)
 Metaspace       used 11275K, capacity 11464K, committed 11520K, reserved 1058816K
  class space    used 1184K, capacity 1279K, committed 1280K, reserved 1048576K
}
Event: 4.317 GC heap before
{Heap before GC invocations=6 (full 0):
 PSYoungGen      total 35328K, used 35319K [0x00000007aab00000, 0x00000007b0800000, 0x00000007c0000000)
  eden space 32768K, 100% used [0x00000007aab00000,0x00000007acb00000,0x00000007acb00000)
  from space 2560K, 99% used [0x00000007acb00000,0x00000007acd7ddf0,0x00000007acd80000)
  to   space 14848K, 0% used [0x00000007af980000,0x00000007af980000,0x00000007b0800000)
 ParOldGen       total 44032K, used 14607K [0x0000000780000000, 0x0000000782b00000, 0x00000007aab00000)
  object space 44032K, 33% used [0x0000000780000000,0x0000000780e43dc8,0x0000000782b00000)
 Metaspace       used 11275K, capacity 11464K, committed 11520K, reserved 1058816K
  class space    used 1184K, capacity 1279K, committed 1280K, reserved 1048576K
Event: 4.365 GC heap after
Heap after GC invocations=6 (full 0):
 PSYoungGen      total 78848K, used 10391K [0x00000007aab00000, 0x00000007b0b00000, 0x00000007c0000000)
  eden space 64000K, 0% used [0x00000007aab00000,0x00000007aab00000,0x00000007ae980000)
  from space 14848K, 69% used [0x00000007af980000,0x00000007b03a5eb0,0x00000007b0800000)
  to   space 16384K, 0% used [0x00000007ae980000,0x00000007ae980000,0x00000007af980000)
 ParOldGen       total 44032K, used 33039K [0x0000000780000000, 0x0000000782b00000, 0x00000007aab00000)
  object space 44032K, 75% used [0x0000000780000000,0x0000000782043df8,0x0000000782b00000)
 Metaspace       used 11275K, capacity 11464K, committed 11520K, reserved 1058816K
  class space    used 1184K, capacity 1279K, committed 1280K, reserved 1048576K
}
Event: 4.365 GC heap before
{Heap before GC invocations=7 (full 1):
 PSYoungGen      total 78848K, used 10391K [0x00000007aab00000, 0x00000007b0b00000, 0x00000007c0000000)
  eden space 64000K, 0% used [0x00000007aab00000,0x00000007aab00000,0x00000007ae980000)
  from space 14848K, 69% used [0x00000007af980000,0x00000007b03a5eb0,0x00000007b0800000)
  to   space 16384K, 0% used [0x00000007ae980000,0x00000007ae980000,0x00000007af980000)
 ParOldGen       total 44032K, used 33039K [0x0000000780000000, 0x0000000782b00000, 0x00000007aab00000)
  object space 44032K, 75% used [0x0000000780000000,0x0000000782043df8,0x0000000782b00000)
 Metaspace       used 11275K, capacity 11464K, committed 11520K, reserved 1058816K
  class space    used 1184K, capacity 1279K, committed 1280K, reserved 1048576K
Event: 4.394 GC heap after
Heap after GC invocations=7 (full 1):
 PSYoungGen      total 78848K, used 0K [0x00000007aab00000, 0x00000007b0b00000, 0x00000007c0000000)
  eden space 64000K, 0% used [0x00000007aab00000,0x00000007aab00000,0x00000007ae980000)
  from space 14848K, 0% used [0x00000007af980000,0x00000007af980000,0x00000007b0800000)
  to   space 16384K, 0% used [0x00000007ae980000,0x00000007ae980000,0x00000007af980000)
 ParOldGen       total 51712K, used 14107K [0x0000000780000000, 0x0000000783280000, 0x00000007aab00000)
  object space 51712K, 27% used [0x0000000780000000,0x0000000780dc6f10,0x0000000783280000)
 Metaspace       used 11275K, capacity 11464K, committed 11520K, reserved 1058816K
  class space    used 1184K, capacity 1279K, committed 1280K, reserved 1048576K
}
Event: 38.629 GC heap before
{Heap before GC invocations=8 (full 1):
 PSYoungGen      total 78848K, used 64000K [0x00000007aab00000, 0x00000007b0b00000, 0x00000007c0000000)
  eden space 64000K, 100% used [0x00000007aab00000,0x00000007ae980000,0x00000007ae980000)
  from space 14848K, 0% used [0x00000007af980000,0x00000007af980000,0x00000007b0800000)
  to   space 16384K, 0% used [0x00000007ae980000,0x00000007ae980000,0x00000007af980000)
 ParOldGen       total 51712K, used 14107K [0x0000000780000000, 0x0000000783280000, 0x00000007aab00000)
  object space 51712K, 27% used [0x0000000780000000,0x0000000780dc6f10,0x0000000783280000)
 Metaspace       used 11593K, capacity 11784K, committed 12032K, reserved 1060864K
  class space    used 1190K, capacity 1279K, committed 1280K, reserved 1048576K
Event: 38.632 GC heap after
Heap after GC invocations=8 (full 1):
 PSYoungGen      total 80384K, used 1536K [0x00000007aab00000, 0x00000007b4200000, 0x00000007c0000000)
  eden space 64000K, 0% used [0x00000007aab00000,0x00000007aab00000,0x00000007ae980000)
  from space 16384K, 9% used [0x00000007ae980000,0x00000007aeb00000,0x00000007af980000)
  to   space 15872K, 0% used [0x00000007b3280000,0x00000007b3280000,0x00000007b4200000)
 ParOldGen       total 51712K, used 14115K [0x0000000780000000, 0x0000000783280000, 0x00000007aab00000)
  object space 51712K, 27% used [0x0000000780000000,0x0000000780dc8f10,0x0000000783280000)
 Metaspace       used 11593K, capacity 11784K, committed 12032K, reserved 1060864K
  class space    used 1190K, capacity 1279K, committed 1280K, reserved 1048576K
}

Deoptimization events (10 events):
Event: 3.927 Thread 0x00007f8a8a80a800 Uncommon trap: reason=unstable_if action=reinterpret pc=0x000000010f3a2edc method=org.newdawn.slick.opengl.ImageIOImageData.imageToByteBuffer(Ljava/awt/image/BufferedImage;ZZ[I)Ljava/nio/ByteBuffer; @ 398
Event: 3.928 Thread 0x00007f8a8a80a800 Uncommon trap: reason=unstable_if action=reinterpret pc=0x000000010f221634 method=java.nio.Bits.copyFromArray(Ljava/lang/Object;JJJJ)V @ 18
Event: 4.190 Thread 0x00007f8a8a80a800 Uncommon trap: reason=unstable_if action=reinterpret pc=0x000000010f370a04 method=java.awt.image.ComponentColorModel.getDataElements(ILjava/lang/Object;)Ljava/lang/Object; @ 30
Event: 4.194 Thread 0x00007f8a8a80a800 Uncommon trap: reason=unstable_if action=reinterpret pc=0x000000010f3a8298 method=java.awt.image.ComponentColorModel.getAlpha(Ljava/lang/Object;)I @ 4
Event: 4.194 Thread 0x00007f8a8a80a800 Uncommon trap: reason=unstable_if action=reinterpret pc=0x000000010f35e0b0 method=java.awt.image.ComponentColorModel.extractComponent(Ljava/lang/Object;II)I @ 4
Event: 4.194 Thread 0x00007f8a8a80a800 Uncommon trap: reason=unstable_if action=reinterpret pc=0x000000010f3718e8 method=java.awt.image.ComponentColorModel.getAlpha(Ljava/lang/Object;)I @ 4
Event: 4.194 Thread 0x00007f8a8a80a800 Uncommon trap: reason=unstable_if action=reinterpret pc=0x000000010f36b21c method=java.awt.image.ComponentColorModel.getAlpha(Ljava/lang/Object;)I @ 4
Event: 4.194 Thread 0x00007f8a8a80a800 Uncommon trap: reason=unstable_if action=reinterpret pc=0x000000010f39ee1c method=java.awt.image.ComponentColorModel.getAlpha(Ljava/lang/Object;)I @ 4
Event: 33.551 Thread 0x00007f8a8a80a800 Uncommon trap: reason=unstable_if action=reinterpret pc=0x000000010f4c1de0 method=java.util.HashMap$HashIterator.nextNode()Ljava/util/HashMap$Node; @ 95
Event: 34.903 Thread 0x00007f8a8a80a800 Uncommon trap: reason=unstable_if action=reinterpret pc=0x000000010f4bd6a4 method=java.util.HashMap$HashIterator.<init>(Ljava/util/HashMap;)V @ 38

Internal exceptions (10 events):
Event: 0.719 Thread 0x00007f8a8a80a800 Exception <a 'java/security/PrivilegedActionException'> (0x00000007aad6acf8) thrown at [/Users/java_re/workspace/8-2-build-macosx-x86_64/jdk8u111/7883/hotspot/src/share/vm/prims/jvm.cpp, line 1386]
Event: 0.719 Thread 0x00007f8a8a80a800 Exception <a 'java/security/PrivilegedActionException'> (0x00000007aad6af08) thrown at [/Users/java_re/workspace/8-2-build-macosx-x86_64/jdk8u111/7883/hotspot/src/share/vm/prims/jvm.cpp, line 1386]
Event: 0.720 Thread 0x00007f8a8a80a800 Exception <a 'java/security/PrivilegedActionException'> (0x00000007aad6e3f8) thrown at [/Users/java_re/workspace/8-2-build-macosx-x86_64/jdk8u111/7883/hotspot/src/share/vm/prims/jvm.cpp, line 1386]
Event: 0.720 Thread 0x00007f8a8a80a800 Exception <a 'java/security/PrivilegedActionException'> (0x00000007aad6e608) thrown at [/Users/java_re/workspace/8-2-build-macosx-x86_64/jdk8u111/7883/hotspot/src/share/vm/prims/jvm.cpp, line 1386]
Event: 0.856 Thread 0x00007f8a8a80a800 Exception <a 'java/lang/NoSuchFieldError': method resolution failed> (0x00000007aae3d6f8) thrown at [/Users/java_re/workspace/8-2-build-macosx-x86_64/jdk8u111/7883/hotspot/src/share/vm/prims/methodHandles.cpp, line 1146]
Event: 0.859 Thread 0x00007f8a8a80a800 Exception <a 'java/lang/NoSuchFieldError': method resolution failed> (0x00000007aae4ae48) thrown at [/Users/java_re/workspace/8-2-build-macosx-x86_64/jdk8u111/7883/hotspot/src/share/vm/prims/methodHandles.cpp, line 1146]
Event: 1.638 Thread 0x00007f8a8a80a800 Exception <a 'java/io/FileNotFoundException'> (0x00000007aaec5b48) thrown at [/Users/java_re/workspace/8-2-build-macosx-x86_64/jdk8u111/7883/hotspot/src/share/vm/prims/jni.cpp, line 709]
Event: 1.638 Thread 0x00007f8a8a80a800 Exception <a 'java/io/FileNotFoundException'> (0x00000007aaec66f0) thrown at [/Users/java_re/workspace/8-2-build-macosx-x86_64/jdk8u111/7883/hotspot/src/share/vm/prims/jni.cpp, line 709]
Event: 1.702 Thread 0x00007f8a8a80a800 Exception <a 'java/lang/UnsatisfiedLinkError'> (0x00000007aaed5760) thrown at [/Users/java_re/workspace/8-2-build-macosx-x86_64/jdk8u111/7883/hotspot/src/share/vm/prims/jvm.cpp, line 1390]
Event: 34.903 Thread 0x00007f8a8a80a800 Implicit null exception at 0x000000010f4bd446 to 0x000000010f4bd68d

Events (10 events):
Event: 38.636 Thread 0x00007f8a8a877000 flushing nmethod 0x000000010f0a41d0
Event: 38.636 Thread 0x00007f8a8a877000 flushing nmethod 0x000000010f0af250
Event: 38.637 Executing VM operation: RevokeBias
Event: 38.637 Executing VM operation: RevokeBias done
Event: 40.605 Executing VM operation: RevokeBias
Event: 40.605 Executing VM operation: RevokeBias done
Event: 40.605 Thread 0x00007f8a8bb74000 Thread exited: 0x00007f8a8bb74000
Event: 41.156 Thread 0x00007f8a8f042800 Thread added: 0x00007f8a8f042800
Event: 42.313 loading class org/lwjgl/opengl/CallbackUtil
Event: 42.313 loading class org/lwjgl/opengl/CallbackUtil done


Dynamic libraries:
0x000000000aeaa000 	/System/Library/Frameworks/Cocoa.framework/Versions/A/Cocoa
0x000000000aeaa000 	/System/Library/Frameworks/Security.framework/Versions/A/Security
0x000000000aeaa000 	/System/Library/Frameworks/ApplicationServices.framework/Versions/A/ApplicationServices
0x000000000aeaa000 	/usr/lib/libz.1.dylib
0x000000000aeaa000 	/usr/lib/libSystem.B.dylib
0x000000000aeaa000 	/usr/lib/libobjc.A.dylib
0x000000000aeaa000 	/System/Library/Frameworks/CoreFoundation.framework/Versions/A/CoreFoundation
0x000000000aeaa000 	/System/Library/Frameworks/Foundation.framework/Versions/C/Foundation
0x000000000aeaa000 	/System/Library/Frameworks/AppKit.framework/Versions/C/AppKit
0x000000000aeaa000 	/System/Library/Frameworks/CoreData.framework/Versions/A/CoreData
0x000000000aeaa000 	/System/Library/PrivateFrameworks/RemoteViewServices.framework/Versions/A/RemoteViewServices
0x000000000aeaa000 	/System/Library/PrivateFrameworks/UIFoundation.framework/Versions/A/UIFoundation
0x000000000aeaa000 	/usr/lib/libScreenReader.dylib
0x000000000aeaa000 	/System/Library/Frameworks/Accelerate.framework/Versions/A/Accelerate
0x000000000aeaa000 	/System/Library/Frameworks/IOSurface.framework/Versions/A/IOSurface
0x000000000aeaa000 	/System/Library/Frameworks/AudioToolbox.framework/Versions/A/AudioToolbox
0x000000000aeaa000 	/System/Library/Frameworks/AudioUnit.framework/Versions/A/AudioUnit
0x000000000aeaa000 	/System/Library/PrivateFrameworks/DataDetectorsCore.framework/Versions/A/DataDetectorsCore
0x000000000aeaa000 	/System/Library/PrivateFrameworks/DesktopServicesPriv.framework/Versions/A/DesktopServicesPriv
0x000000000aeaa000 	/System/Library/Frameworks/Carbon.framework/Versions/A/Frameworks/HIToolbox.framework/Versions/A/HIToolbox
0x000000000aeaa000 	/System/Library/Frameworks/QuartzCore.framework/Versions/A/QuartzCore
0x000000000aeaa000 	/System/Library/Frameworks/Carbon.framework/Versions/A/Frameworks/SpeechRecognition.framework/Versions/A/SpeechRecognition
0x000000000aeaa000 	/usr/lib/libauto.dylib
0x000000000aeaa000 	/usr/lib/libicucore.A.dylib
0x000000000aeaa000 	/usr/lib/libxml2.2.dylib
0x000000000aeaa000 	/System/Library/PrivateFrameworks/CoreUI.framework/Versions/A/CoreUI
0x000000000aeaa000 	/System/Library/Frameworks/CoreAudio.framework/Versions/A/CoreAudio
0x000000000aeaa000 	/System/Library/Frameworks/DiskArbitration.framework/Versions/A/DiskArbitration
0x000000000aeaa000 	/usr/lib/liblangid.dylib
0x000000000aeaa000 	/System/Library/PrivateFrameworks/MultitouchSupport.framework/Versions/A/MultitouchSupport
0x000000000aeaa000 	/System/Library/Frameworks/IOKit.framework/Versions/A/IOKit
0x000000000aeaa000 	/usr/lib/libDiagnosticMessagesClient.dylib
0x000000000aeaa000 	/System/Library/Frameworks/CoreServices.framework/Versions/A/CoreServices
0x000000000aeaa000 	/System/Library/PrivateFrameworks/PerformanceAnalysis.framework/Versions/A/PerformanceAnalysis
0x000000000aeaa000 	/System/Library/PrivateFrameworks/GenerationalStorage.framework/Versions/A/GenerationalStorage
0x000000000aeaa000 	/System/Library/Frameworks/OpenGL.framework/Versions/A/OpenGL
0x000000000aeaa000 	/System/Library/PrivateFrameworks/Sharing.framework/Versions/A/Sharing
0x000000000aeaa000 	/System/Library/Frameworks/CoreGraphics.framework/Versions/A/CoreGraphics
0x000000000aeaa000 	/System/Library/Frameworks/CoreImage.framework/Versions/A/CoreImage
0x000000000aeaa000 	/System/Library/Frameworks/CoreText.framework/Versions/A/CoreText
0x000000000aeaa000 	/System/Library/Frameworks/ImageIO.framework/Versions/A/ImageIO
0x000000000aeaa000 	/System/Library/PrivateFrameworks/Backup.framework/Versions/A/Backup
0x000000000aeaa000 	/usr/lib/libextension.dylib
0x000000000aeaa000 	/usr/lib/libarchive.2.dylib
0x000000000aeaa000 	/System/Library/Frameworks/CFNetwork.framework/Versions/A/CFNetwork
0x000000000aeaa000 	/System/Library/Frameworks/SystemConfiguration.framework/Versions/A/SystemConfiguration
0x000000000aeaa000 	/usr/lib/libCRFSuite.dylib
0x000000000aeaa000 	/usr/lib/libc++.1.dylib
0x000000000aeaa000 	/usr/lib/libc++abi.dylib
0x000000000aeaa000 	/usr/lib/system/libcache.dylib
0x000000000aeaa000 	/usr/lib/system/libcommonCrypto.dylib
0x000000000aeaa000 	/usr/lib/system/libcompiler_rt.dylib
0x000000000aeaa000 	/usr/lib/system/libcopyfile.dylib
0x000000000aeaa000 	/usr/lib/system/libcorecrypto.dylib
0x000000000aeaa000 	/usr/lib/system/libdispatch.dylib
0x000000000aeaa000 	/usr/lib/system/libdyld.dylib
0x000000000aeaa000 	/usr/lib/system/libkeymgr.dylib
0x000000000aeaa000 	/usr/lib/system/liblaunch.dylib
0x000000000aeaa000 	/usr/lib/system/libmacho.dylib
0x000000000aeaa000 	/usr/lib/system/libquarantine.dylib
0x000000000aeaa000 	/usr/lib/system/libremovefile.dylib
0x000000000aeaa000 	/usr/lib/system/libsystem_asl.dylib
0x000000000aeaa000 	/usr/lib/system/libsystem_blocks.dylib
0x000000000aeaa000 	/usr/lib/system/libsystem_c.dylib
0x000000000aeaa000 	/usr/lib/system/libsystem_configuration.dylib
0x000000000aeaa000 	/usr/lib/system/libsystem_coreservices.dylib
0x000000000aeaa000 	/usr/lib/system/libsystem_coretls.dylib
0x000000000aeaa000 	/usr/lib/system/libsystem_dnssd.dylib
0x000000000aeaa000 	/usr/lib/system/libsystem_info.dylib
0x000000000aeaa000 	/usr/lib/system/libsystem_kernel.dylib
0x000000000aeaa000 	/usr/lib/system/libsystem_m.dylib
0x000000000aeaa000 	/usr/lib/system/libsystem_malloc.dylib
0x000000000aeaa000 	/usr/lib/system/libsystem_network.dylib
0x000000000aeaa000 	/usr/lib/system/libsystem_networkextension.dylib
0x000000000aeaa000 	/usr/lib/system/libsystem_notify.dylib
0x000000000aeaa000 	/usr/lib/system/libsystem_platform.dylib
0x000000000aeaa000 	/usr/lib/system/libsystem_pthread.dylib
0x000000000aeaa000 	/usr/lib/system/libsystem_sandbox.dylib
0x000000000aeaa000 	/usr/lib/system/libsystem_secinit.dylib
0x000000000aeaa000 	/usr/lib/system/libsystem_trace.dylib
0x000000000aeaa000 	/usr/lib/system/libunc.dylib
0x000000000aeaa000 	/usr/lib/system/libunwind.dylib
0x000000000aeaa000 	/usr/lib/system/libxpc.dylib
0x000000000aeaa000 	/usr/lib/libenergytrace.dylib
0x000000000aeaa000 	/usr/lib/libbsm.0.dylib
0x000000000aeaa000 	/usr/lib/system/libkxld.dylib
0x000000000aeaa000 	/usr/lib/libxar.1.dylib
0x000000000aeaa000 	/usr/lib/libsqlite3.dylib
0x000000000aeaa000 	/usr/lib/libpam.2.dylib
0x000000000aeaa000 	/usr/lib/libOpenScriptingUtil.dylib
0x000000000aeaa000 	/usr/lib/libbz2.1.0.dylib
0x000000000aeaa000 	/usr/lib/liblzma.5.dylib
0x000000000aeaa000 	/System/Library/Frameworks/CoreServices.framework/Versions/A/Frameworks/FSEvents.framework/Versions/A/FSEvents
0x000000000aeaa000 	/System/Library/Frameworks/CoreServices.framework/Versions/A/Frameworks/CarbonCore.framework/Versions/A/CarbonCore
0x000000000aeaa000 	/System/Library/Frameworks/CoreServices.framework/Versions/A/Frameworks/Metadata.framework/Versions/A/Metadata
0x000000000aeaa000 	/System/Library/Frameworks/CoreServices.framework/Versions/A/Frameworks/OSServices.framework/Versions/A/OSServices
0x000000000aeaa000 	/System/Library/Frameworks/CoreServices.framework/Versions/A/Frameworks/SearchKit.framework/Versions/A/SearchKit
0x000000000aeaa000 	/System/Library/Frameworks/CoreServices.framework/Versions/A/Frameworks/AE.framework/Versions/A/AE
0x000000000aeaa000 	/System/Library/Frameworks/CoreServices.framework/Versions/A/Frameworks/LaunchServices.framework/Versions/A/LaunchServices
0x000000000aeaa000 	/System/Library/Frameworks/CoreServices.framework/Versions/A/Frameworks/DictionaryServices.framework/Versions/A/DictionaryServices
0x000000000aeaa000 	/System/Library/Frameworks/CoreServices.framework/Versions/A/Frameworks/SharedFileList.framework/Versions/A/SharedFileList
0x000000000aeaa000 	/System/Library/Frameworks/NetFS.framework/Versions/A/NetFS
0x000000000aeaa000 	/System/Library/PrivateFrameworks/NetAuth.framework/Versions/A/NetAuth
0x000000000aeaa000 	/System/Library/PrivateFrameworks/login.framework/Versions/A/Frameworks/loginsupport.framework/Versions/A/loginsupport
0x000000000aeaa000 	/System/Library/PrivateFrameworks/TCC.framework/Versions/A/TCC
0x000000000aeaa000 	/usr/lib/libmecabra.dylib
0x000000000aeaa000 	/System/Library/Frameworks/ApplicationServices.framework/Versions/A/Frameworks/ATS.framework/Versions/A/ATS
0x000000000aeaa000 	/System/Library/Frameworks/ApplicationServices.framework/Versions/A/Frameworks/ColorSync.framework/Versions/A/ColorSync
0x000000000aeaa000 	/System/Library/Frameworks/ApplicationServices.framework/Versions/A/Frameworks/HIServices.framework/Versions/A/HIServices
0x000000000aeaa000 	/System/Library/Frameworks/ApplicationServices.framework/Versions/A/Frameworks/LangAnalysis.framework/Versions/A/LangAnalysis
0x000000000aeaa000 	/System/Library/Frameworks/ApplicationServices.framework/Versions/A/Frameworks/PrintCore.framework/Versions/A/PrintCore
0x000000000aeaa000 	/System/Library/Frameworks/ApplicationServices.framework/Versions/A/Frameworks/QD.framework/Versions/A/QD
0x000000000aeaa000 	/System/Library/Frameworks/ApplicationServices.framework/Versions/A/Frameworks/SpeechSynthesis.framework/Versions/A/SpeechSynthesis
0x000000000aeaa000 	/System/Library/Frameworks/Metal.framework/Versions/A/Metal
0x000000000aeaa000 	/System/Library/Frameworks/Accelerate.framework/Versions/A/Frameworks/vImage.framework/Versions/A/vImage
0x000000000aeaa000 	/System/Library/Frameworks/Accelerate.framework/Versions/A/Frameworks/vecLib.framework/Versions/A/vecLib
0x000000000aeaa000 	/System/Library/Frameworks/Accelerate.framework/Versions/A/Frameworks/vecLib.framework/Versions/A/libvDSP.dylib
0x000000000aeaa000 	/System/Library/Frameworks/Accelerate.framework/Versions/A/Frameworks/vecLib.framework/Versions/A/libvMisc.dylib
0x000000000aeaa000 	/System/Library/Frameworks/Accelerate.framework/Versions/A/Frameworks/vecLib.framework/Versions/A/libLAPACK.dylib
0x000000000aeaa000 	/System/Library/Frameworks/Accelerate.framework/Versions/A/Frameworks/vecLib.framework/Versions/A/libBLAS.dylib
0x000000000aeaa000 	/System/Library/Frameworks/Accelerate.framework/Versions/A/Frameworks/vecLib.framework/Versions/A/libLinearAlgebra.dylib
0x000000000aeaa000 	/System/Library/Frameworks/Accelerate.framework/Versions/A/Frameworks/vecLib.framework/Versions/A/libSparseBLAS.dylib
0x000000000aeaa000 	/System/Library/PrivateFrameworks/GPUCompiler.framework/libmetal_timestamp.dylib
0x000000000aeaa000 	/System/Library/Frameworks/OpenGL.framework/Versions/A/Libraries/libCoreFSCache.dylib
0x000000000aeaa000 	/System/Library/PrivateFrameworks/IOAccelerator.framework/Versions/A/IOAccelerator
0x000000000aeaa000 	/System/Library/Frameworks/ApplicationServices.framework/Versions/A/Frameworks/ATS.framework/Versions/A/Resources/libFontParser.dylib
0x000000000aeaa000 	/System/Library/Frameworks/ApplicationServices.framework/Versions/A/Frameworks/ATS.framework/Versions/A/Resources/libFontRegistry.dylib
0x000000000aeaa000 	/System/Library/PrivateFrameworks/AppleVPA.framework/Versions/A/AppleVPA
0x000000000aeaa000 	/System/Library/PrivateFrameworks/AppleJPEG.framework/Versions/A/AppleJPEG
0x000000000aeaa000 	/System/Library/Frameworks/ImageIO.framework/Versions/A/Resources/libJPEG.dylib
0x000000000aeaa000 	/System/Library/Frameworks/ImageIO.framework/Versions/A/Resources/libTIFF.dylib
0x000000000aeaa000 	/System/Library/Frameworks/ImageIO.framework/Versions/A/Resources/libPng.dylib
0x000000000aeaa000 	/System/Library/Frameworks/ImageIO.framework/Versions/A/Resources/libGIF.dylib
0x000000000aeaa000 	/System/Library/Frameworks/ImageIO.framework/Versions/A/Resources/libJP2.dylib
0x000000000aeaa000 	/System/Library/Frameworks/ImageIO.framework/Versions/A/Resources/libRadiance.dylib
0x000000000aeaa000 	/System/Library/Frameworks/CoreVideo.framework/Versions/A/CoreVideo
0x000000000aeaa000 	/System/Library/Frameworks/OpenGL.framework/Versions/A/Libraries/libGLU.dylib
0x000000000aeaa000 	/System/Library/Frameworks/OpenGL.framework/Versions/A/Libraries/libGFXShared.dylib
0x000000000aeaa000 	/System/Library/Frameworks/OpenGL.framework/Versions/A/Libraries/libGL.dylib
0x000000000aeaa000 	/System/Library/Frameworks/OpenGL.framework/Versions/A/Libraries/libGLImage.dylib
0x000000000aeaa000 	/System/Library/Frameworks/OpenGL.framework/Versions/A/Libraries/libCVMSPluginSupport.dylib
0x000000000aeaa000 	/System/Library/Frameworks/OpenGL.framework/Versions/A/Libraries/libCoreVMClient.dylib
0x000000000aeaa000 	/usr/lib/libcompression.dylib
0x000000000aeaa000 	/usr/lib/libcups.2.dylib
0x000000000aeaa000 	/System/Library/Frameworks/Kerberos.framework/Versions/A/Kerberos
0x000000000aeaa000 	/System/Library/Frameworks/GSS.framework/Versions/A/GSS
0x000000000aeaa000 	/usr/lib/libresolv.9.dylib
0x000000000aeaa000 	/usr/lib/libiconv.2.dylib
0x000000000aeaa000 	/System/Library/PrivateFrameworks/Heimdal.framework/Versions/A/Heimdal
0x000000000aeaa000 	/usr/lib/libheimdal-asn1.dylib
0x000000000aeaa000 	/System/Library/Frameworks/OpenDirectory.framework/Versions/A/OpenDirectory
0x000000000aeaa000 	/System/Library/PrivateFrameworks/CommonAuth.framework/Versions/A/CommonAuth
0x000000000aeaa000 	/System/Library/Frameworks/OpenDirectory.framework/Versions/A/Frameworks/CFOpenDirectory.framework/Versions/A/CFOpenDirectory
0x000000000aeaa000 	/System/Library/Frameworks/SecurityFoundation.framework/Versions/A/SecurityFoundation
0x000000000aeaa000 	/System/Library/PrivateFrameworks/LanguageModeling.framework/Versions/A/LanguageModeling
0x000000000aeaa000 	/usr/lib/libmarisa.dylib
0x000000000aeaa000 	/usr/lib/libChineseTokenizer.dylib
0x000000000aeaa000 	/usr/lib/libcmph.dylib
0x000000000aeaa000 	/System/Library/Frameworks/ServiceManagement.framework/Versions/A/ServiceManagement
0x000000000aeaa000 	/usr/lib/libxslt.1.dylib
0x000000000aeaa000 	/System/Library/Frameworks/Carbon.framework/Versions/A/Frameworks/Ink.framework/Versions/A/Ink
0x000000000aeaa000 	/usr/lib/libFosl_dynamic.dylib
0x000000000aeaa000 	/System/Library/PrivateFrameworks/FaceCore.framework/Versions/A/FaceCore
0x000000000aeaa000 	/System/Library/Frameworks/OpenCL.framework/Versions/A/OpenCL
0x000000000aeaa000 	/System/Library/PrivateFrameworks/CrashReporterSupport.framework/Versions/A/CrashReporterSupport
0x000000000aeaa000 	/System/Library/PrivateFrameworks/IconServices.framework/Versions/A/IconServices
0x000000000aeaa000 	/System/Library/PrivateFrameworks/Apple80211.framework/Versions/A/Apple80211
0x000000000aeaa000 	/System/Library/Frameworks/CoreWLAN.framework/Versions/A/CoreWLAN
0x000000000aeaa000 	/System/Library/Frameworks/IOBluetooth.framework/Versions/A/IOBluetooth
0x000000000aeaa000 	/System/Library/PrivateFrameworks/CoreWiFi.framework/Versions/A/CoreWiFi
0x000000000aeaa000 	/System/Library/Frameworks/CoreBluetooth.framework/Versions/A/CoreBluetooth
0x000000000aeaa000 	/System/Library/PrivateFrameworks/ChunkingLibrary.framework/Versions/A/ChunkingLibrary
0x000000000aeaa000 	/System/Library/PrivateFrameworks/DebugSymbols.framework/Versions/A/DebugSymbols
0x000000000aeaa000 	/System/Library/PrivateFrameworks/CoreSymbolication.framework/Versions/A/CoreSymbolication
0x000000000aeaa000 	/System/Library/PrivateFrameworks/Symbolication.framework/Versions/A/Symbolication
0x000000000aeaa000 	/System/Library/PrivateFrameworks/SpeechRecognitionCore.framework/Versions/A/SpeechRecognitionCore
0x000000010e000000 	/Library/Java/JavaVirtualMachines/jdk1.8.0_111.jdk/Contents/Home/jre/lib/server/libjvm.dylib
0x000000000aeaa000 	/usr/lib/libstdc++.6.dylib
0x000000010d760000 	/Library/Java/JavaVirtualMachines/jdk1.8.0_111.jdk/Contents/Home/jre/lib/libverify.dylib
0x000000010d76e000 	/Library/Java/JavaVirtualMachines/jdk1.8.0_111.jdk/Contents/Home/jre/lib/libjava.dylib
0x000000010d7ad000 	/Library/Java/JavaVirtualMachines/jdk1.8.0_111.jdk/Contents/Home/jre/lib/libzip.dylib
0x000000012235f000 	/System/Library/Frameworks/JavaVM.framework/Frameworks/JavaRuntimeSupport.framework/JavaRuntimeSupport
0x000000012237a000 	/System/Library/Frameworks/JavaVM.framework/Versions/A/Frameworks/JavaNativeFoundation.framework/Versions/A/JavaNativeFoundation
0x000000010d7f3000 	/System/Library/Frameworks/JavaVM.framework/Versions/A/JavaVM
0x000000000aeaa000 	/System/Library/Frameworks/Carbon.framework/Versions/A/Carbon
0x000000012238f000 	/System/Library/PrivateFrameworks/JavaLaunching.framework/Versions/A/JavaLaunching
0x000000000aeaa000 	/System/Library/Frameworks/Carbon.framework/Versions/A/Frameworks/CommonPanels.framework/Versions/A/CommonPanels
0x000000000aeaa000 	/System/Library/Frameworks/Carbon.framework/Versions/A/Frameworks/Help.framework/Versions/A/Help
0x000000000aeaa000 	/System/Library/Frameworks/Carbon.framework/Versions/A/Frameworks/ImageCapture.framework/Versions/A/ImageCapture
0x000000000aeaa000 	/System/Library/Frameworks/Carbon.framework/Versions/A/Frameworks/OpenScripting.framework/Versions/A/OpenScripting
0x000000000aeaa000 	/System/Library/Frameworks/Carbon.framework/Versions/A/Frameworks/Print.framework/Versions/A/Print
0x000000000aeaa000 	/System/Library/Frameworks/Carbon.framework/Versions/A/Frameworks/SecurityHI.framework/Versions/A/SecurityHI
0x0000000123d0b000 	/Library/Java/JavaVirtualMachines/jdk1.8.0_111.jdk/Contents/Home/jre/lib/libawt.dylib
0x0000000123db3000 	/Library/Java/JavaVirtualMachines/jdk1.8.0_111.jdk/Contents/Home/jre/lib/./libmlib_image.dylib
0x0000000123e7f000 	/Library/Java/JavaVirtualMachines/jdk1.8.0_111.jdk/Contents/Home/jre/lib/libawt_lwawt.dylib
0x0000000123f34000 	/Library/Java/JavaVirtualMachines/jdk1.8.0_111.jdk/Contents/Home/jre/lib/./libosxapp.dylib
0x000000000aeaa000 	/System/Library/Frameworks/ExceptionHandling.framework/Versions/A/ExceptionHandling
0x000000000aeaa000 	/System/Library/PrivateFrameworks/CoreServicesInternal.framework/Versions/A/CoreServicesInternal
0x000000000aeaa000 	/System/Library/Frameworks/CoreGraphics.framework/Versions/A/Resources/libRIP.A.dylib
0x000000000aeaa000 	/System/Library/Frameworks/Accelerate.framework/Versions/A/Frameworks/vImage.framework/Versions/A/Libraries/libCGInterfaces.dylib
0x000000000aeaa000 	/System/Library/Frameworks/CoreGraphics.framework/Versions/A/Resources/libCGXType.A.dylib
0x000000000aeaa000 	/System/Library/Frameworks/OpenCL.framework/Versions/A/Libraries/libcldcpuengine.dylib
0x000000000aeaa000 	/System/Library/PrivateFrameworks/DiskImages.framework/Versions/A/DiskImages
0x000000000aeaa000 	/System/Library/Frameworks/DiscRecording.framework/Versions/A/DiscRecording
0x000000000aeaa000 	/usr/lib/libcsfde.dylib
0x000000000aeaa000 	/usr/lib/libcurl.4.dylib
0x000000000aeaa000 	/System/Library/PrivateFrameworks/MediaKit.framework/Versions/A/MediaKit
0x000000000aeaa000 	/System/Library/PrivateFrameworks/ProtectedCloudStorage.framework/Versions/A/ProtectedCloudStorage
0x000000000aeaa000 	/usr/lib/libCoreStorage.dylib
0x000000000aeaa000 	/System/Library/PrivateFrameworks/EFILogin.framework/Versions/A/EFILogin
0x000000000aeaa000 	/usr/lib/libutil.dylib
0x000000000aeaa000 	/System/Library/PrivateFrameworks/FindMyDevice.framework/Versions/A/FindMyDevice
0x000000000aeaa000 	/System/Library/Frameworks/LDAP.framework/Versions/A/LDAP
0x000000000aeaa000 	/usr/lib/libsasl2.2.dylib
0x000000000aeaa000 	/System/Library/PrivateFrameworks/CoreDaemon.framework/Versions/B/CoreDaemon
0x000000000aeaa000 	/usr/lib/libcrypto.0.9.8.dylib
0x000000000aeaa000 	/System/Library/PrivateFrameworks/AppleSRP.framework/Versions/A/AppleSRP
0x000000000aeaa000 	/System/Library/PrivateFrameworks/TrustEvaluationAgent.framework/Versions/A/TrustEvaluationAgent
0x00000001255c4000 	cl_kernels
0x000000000aeaa000 	/System/Library/Frameworks/OpenCL.framework/Versions/A/Libraries/ImageFormats/unorm8_bgra.dylib
0x000000000aeaa000 	/System/Library/Frameworks/OpenCL.framework/Versions/A/Libraries/ImageFormats/unorm8_rgba.dylib
0x000000000aeaa000 	/System/Library/PrivateFrameworks/FamilyControls.framework/Versions/A/FamilyControls
0x000000000aeaa000 	/System/Library/PrivateFrameworks/CommerceKit.framework/Versions/A/Frameworks/CommerceCore.framework/Versions/A/CommerceCore
0x000000000aeaa000 	/System/Library/PrivateFrameworks/SystemAdministration.framework/Versions/A/SystemAdministration
0x000000000aeaa000 	/System/Library/PrivateFrameworks/AppContainer.framework/Versions/A/AppContainer
0x000000000aeaa000 	/System/Library/PrivateFrameworks/SecCodeWrapper.framework/Versions/A/SecCodeWrapper
0x000000000aeaa000 	/System/Library/Frameworks/DirectoryService.framework/Versions/A/DirectoryService
0x000000000aeaa000 	/System/Library/PrivateFrameworks/LoginUIKit.framework/Versions/A/Frameworks/LoginUICore.framework/Versions/A/LoginUICore
0x000000000aeaa000 	/usr/lib/libodfde.dylib
0x00000001265de000 	/Library/Java/JavaVirtualMachines/jdk1.8.0_111.jdk/Contents/Home/jre/lib/libfontmanager.dylib
0x0000000126645000 	/Users/kellykeniston/git/JIG/lib/lwjgl-2.9.0/native/macosx/liblwjgl.jnilib
0x0000000124a9f000 	/Library/Java/JavaVirtualMachines/jdk1.8.0_111.jdk/Contents/Home/jre/lib/libjawt.dylib
0x000000000aeaa000 	/System/Library/Frameworks/OpenGL.framework/Versions/A/Resources/GLEngine.bundle/GLEngine
0x000000000aeaa000 	/System/Library/Frameworks/OpenGL.framework/Versions/A/Libraries/libGLProgrammability.dylib
0x00000001266c0000 	/System/Library/Extensions/AppleIntelHD4000GraphicsGLDriver.bundle/Contents/MacOS/AppleIntelHD4000GraphicsGLDriver
0x000000000aeaa000 	/System/Library/PrivateFrameworks/GPUSupport.framework/Versions/A/Libraries/libGPUSupportMercury.dylib
0x000000000aeaa000 	/System/Library/Frameworks/OpenGL.framework/Versions/A/Resources/GLRendererFloat.bundle/GLRendererFloat
0x0000000124ab6000 	/Users/kellykeniston/git/JIG/lib/lwjgl-2.9.0/native/macosx/libjinput-osx.jnilib
0x0000000127e67000 	/System/Library/Extensions/IOHIDFamily.kext/Contents/PlugIns/IOHIDLib.plugin/Contents/MacOS/IOHIDLib
0x0000000125458000 	/Library/Java/JavaVirtualMachines/jdk1.8.0_111.jdk/Contents/Home/jre/lib/libnio.dylib
0x0000000125468000 	/Library/Java/JavaVirtualMachines/jdk1.8.0_111.jdk/Contents/Home/jre/lib/./libnet.dylib

VM Arguments:
jvm_args: -Djava.library.path=/Users/kellykeniston/git/JIG/lib/lwjgl-2.9.0/native/macosx:/Users/kellykeniston/git/JIG/lib/lwjgl-2.9.0/native/macosx -Dfile.encoding=UTF-8 
java_command: Kirby.KirbyGame
java_class_path (initial): /Users/kellykeniston/git/Kirby/Kirby/bin:/Users/kellykeniston/git/JIG/lib/slick.jar:/Users/kellykeniston/git/JIG/jig/bin:/Users/kellykeniston/git/JIG/lib/lwjgl-2.9.0/jar/jinput.jar:/Users/kellykeniston/git/JIG/lib/lwjgl-2.9.0/jar/lwjgl.jar:/Users/kellykeniston/git/JIG/lib/jogg-0.0.7.jar:/Users/kellykeniston/git/JIG/lib/jorbis-0.0.15.jar
Launcher Type: SUN_STANDARD

Environment Variables:
PATH=/usr/bin:/bin:/usr/sbin:/sbin
SHELL=/bin/bash

Signal Handlers:
SIGSEGV: [libjvm.dylib+0x5b03ed], sa_mask[0]=11111111011111110111111111111111, sa_flags=SA_ONSTACK|SA_RESTART|SA_SIGINFO
SIGBUS: [libjvm.dylib+0x5b03ed], sa_mask[0]=11111111011111110111111111111111, sa_flags=SA_RESTART|SA_SIGINFO
SIGFPE: [libjvm.dylib+0x48711c], sa_mask[0]=11111111011111110111111111111111, sa_flags=SA_RESTART|SA_SIGINFO
SIGPIPE: [libjvm.dylib+0x48711c], sa_mask[0]=11111111011111110111111111111111, sa_flags=SA_RESTART|SA_SIGINFO
SIGXFSZ: [libjvm.dylib+0x48711c], sa_mask[0]=11111111011111110111111111111111, sa_flags=SA_RESTART|SA_SIGINFO
SIGILL: [libjvm.dylib+0x48711c], sa_mask[0]=11111111011111110111111111111111, sa_flags=SA_RESTART|SA_SIGINFO
SIGUSR1: SIG_DFL, sa_mask[0]=00000000000000000000000000000000, sa_flags=none
SIGUSR2: [libjvm.dylib+0x486c3a], sa_mask[0]=00100000000000000000000000000000, sa_flags=SA_RESTART|SA_SIGINFO
SIGHUP: [libjvm.dylib+0x485211], sa_mask[0]=11111111011111110111111111111111, sa_flags=SA_RESTART|SA_SIGINFO
SIGINT: [libjvm.dylib+0x485211], sa_mask[0]=11111111011111110111111111111111, sa_flags=SA_RESTART|SA_SIGINFO
SIGTERM: [libjvm.dylib+0x485211], sa_mask[0]=11111111011111110111111111111111, sa_flags=SA_RESTART|SA_SIGINFO
SIGQUIT: [libjvm.dylib+0x485211], sa_mask[0]=11111111011111110111111111111111, sa_flags=SA_RESTART|SA_SIGINFO


---------------  S Y S T E M  ---------------

OS:Bsduname:Darwin 15.6.0 Darwin Kernel Version 15.6.0: Thu Jun 23 18:25:34 PDT 2016; root:xnu-3248.60.10~1/RELEASE_X86_64 x86_64
rlimit: STACK 8192k, CORE 0k, NPROC 709, NOFILE 10240, AS infinity
load average:1.70 1.64 1.81

CPU:total 4 (2 cores per cpu, 2 threads per core) family 6 model 58 stepping 9, cmov, cx8, fxsr, mmx, sse, sse2, sse3, ssse3, sse4.1, sse4.2, popcnt, avx, aes, clmul, erms, ht, tsc, tscinvbit, tscinv

Memory: 4k page, physical 4194304k(84236k free)

/proc/meminfo:


vm_info: Java HotSpot(TM) 64-Bit Server VM (25.111-b14) for bsd-amd64 JRE (1.8.0_111-b14), built on Sep 22 2016 15:31:41 by "java_re" with gcc 4.2.1 (Based on Apple Inc. build 5658) (LLVM build 2336.11.00)

time: Sun Dec 11 13:16:23 2016
elapsed time: 42 seconds (0d 0h 0m 42s)

